{"/Users/dmitrykolomiets/Dev/devcenter/a365-vscode-extension/src/asyncMutex.ts": {"path":"/Users/dmitrykolomiets/Dev/devcenter/a365-vscode-extension/src/asyncMutex.ts","all":false,"statementMap":{"19":{"start":{"line":20,"column":0},"end":{"line":20,"column":25}},"20":{"start":{"line":21,"column":0},"end":{"line":21,"column":54}},"22":{"start":{"line":23,"column":0},"end":{"line":23,"column":66}},"23":{"start":{"line":24,"column":0},"end":{"line":24,"column":58}},"24":{"start":{"line":25,"column":0},"end":{"line":25,"column":50}},"26":{"start":{"line":27,"column":0},"end":{"line":27,"column":52}},"27":{"start":{"line":28,"column":0},"end":{"line":28,"column":15}},"28":{"start":{"line":29,"column":0},"end":{"line":29,"column":3}},"29":{"start":{"line":30,"column":0},"end":{"line":30,"column":1}}},"s":{"19":1,"20":7,"22":1,"23":0,"24":0,"26":0,"27":0,"28":0,"29":1},"branchMap":{"0":{"type":"branch","line":20,"loc":{"start":{"line":20,"column":7},"end":{"line":21,"column":54}},"locations":[{"start":{"line":20,"column":7},"end":{"line":21,"column":54}}]}},"b":{"0":[7]},"fnMap":{"0":{"name":"AsyncMutex","decl":{"start":{"line":20,"column":7},"end":{"line":21,"column":54}},"loc":{"start":{"line":20,"column":7},"end":{"line":21,"column":54}},"line":20},"1":{"name":"runExclusive","decl":{"start":{"line":23,"column":2},"end":{"line":29,"column":3}},"loc":{"start":{"line":23,"column":2},"end":{"line":29,"column":3}},"line":23}},"f":{"0":7,"1":0}}
,"/Users/dmitrykolomiets/Dev/devcenter/a365-vscode-extension/src/auth.ts": {"path":"/Users/dmitrykolomiets/Dev/devcenter/a365-vscode-extension/src/auth.ts","all":false,"statementMap":{"0":{"start":{"line":1,"column":0},"end":{"line":1,"column":33}},"16":{"start":{"line":17,"column":0},"end":{"line":17,"column":18}},"17":{"start":{"line":18,"column":0},"end":{"line":18,"column":21}},"18":{"start":{"line":19,"column":0},"end":{"line":19,"column":21}},"19":{"start":{"line":20,"column":0},"end":{"line":20,"column":23}},"20":{"start":{"line":21,"column":0},"end":{"line":21,"column":46}},"21":{"start":{"line":22,"column":0},"end":{"line":22,"column":45}},"22":{"start":{"line":23,"column":0},"end":{"line":23,"column":21}},"23":{"start":{"line":24,"column":0},"end":{"line":24,"column":13}},"24":{"start":{"line":25,"column":0},"end":{"line":25,"column":36}},"25":{"start":{"line":26,"column":0},"end":{"line":26,"column":21}},"26":{"start":{"line":27,"column":0},"end":{"line":27,"column":63}},"27":{"start":{"line":28,"column":0},"end":{"line":28,"column":19}},"28":{"start":{"line":29,"column":0},"end":{"line":29,"column":9}},"29":{"start":{"line":30,"column":0},"end":{"line":30,"column":69}},"30":{"start":{"line":31,"column":0},"end":{"line":31,"column":50}},"31":{"start":{"line":32,"column":0},"end":{"line":32,"column":43}},"32":{"start":{"line":33,"column":0},"end":{"line":33,"column":32}},"33":{"start":{"line":34,"column":0},"end":{"line":34,"column":13}},"34":{"start":{"line":35,"column":0},"end":{"line":35,"column":31}},"35":{"start":{"line":36,"column":0},"end":{"line":36,"column":39}},"36":{"start":{"line":37,"column":0},"end":{"line":37,"column":39}},"37":{"start":{"line":38,"column":0},"end":{"line":38,"column":55}},"38":{"start":{"line":39,"column":0},"end":{"line":39,"column":48}},"39":{"start":{"line":40,"column":0},"end":{"line":40,"column":26}},"40":{"start":{"line":41,"column":0},"end":{"line":41,"column":55}},"41":{"start":{"line":42,"column":0},"end":{"line":42,"column":53}},"42":{"start":{"line":43,"column":0},"end":{"line":43,"column":18}},"43":{"start":{"line":44,"column":0},"end":{"line":44,"column":14}},"44":{"start":{"line":45,"column":0},"end":{"line":45,"column":22}},"45":{"start":{"line":46,"column":0},"end":{"line":46,"column":44}},"46":{"start":{"line":47,"column":0},"end":{"line":47,"column":62}},"47":{"start":{"line":48,"column":0},"end":{"line":48,"column":37}},"48":{"start":{"line":49,"column":0},"end":{"line":49,"column":29}},"49":{"start":{"line":50,"column":0},"end":{"line":50,"column":52}},"50":{"start":{"line":51,"column":0},"end":{"line":51,"column":69}},"51":{"start":{"line":52,"column":0},"end":{"line":52,"column":23}},"52":{"start":{"line":53,"column":0},"end":{"line":53,"column":19}},"53":{"start":{"line":54,"column":0},"end":{"line":54,"column":50}},"54":{"start":{"line":55,"column":0},"end":{"line":55,"column":13}},"55":{"start":{"line":56,"column":0},"end":{"line":56,"column":10}},"56":{"start":{"line":57,"column":0},"end":{"line":57,"column":32}},"57":{"start":{"line":58,"column":0},"end":{"line":58,"column":51}},"58":{"start":{"line":59,"column":0},"end":{"line":59,"column":61}},"59":{"start":{"line":60,"column":0},"end":{"line":60,"column":47}},"60":{"start":{"line":61,"column":0},"end":{"line":61,"column":47}},"61":{"start":{"line":62,"column":0},"end":{"line":62,"column":26}},"62":{"start":{"line":63,"column":0},"end":{"line":63,"column":23}},"63":{"start":{"line":64,"column":0},"end":{"line":64,"column":13}},"64":{"start":{"line":65,"column":0},"end":{"line":65,"column":22}},"65":{"start":{"line":66,"column":0},"end":{"line":66,"column":11}},"66":{"start":{"line":67,"column":0},"end":{"line":67,"column":103}},"67":{"start":{"line":68,"column":0},"end":{"line":68,"column":29}},"68":{"start":{"line":69,"column":0},"end":{"line":69,"column":85}},"69":{"start":{"line":70,"column":0},"end":{"line":70,"column":16}},"70":{"start":{"line":71,"column":0},"end":{"line":71,"column":70}},"71":{"start":{"line":72,"column":0},"end":{"line":72,"column":9}},"72":{"start":{"line":73,"column":0},"end":{"line":73,"column":27}},"73":{"start":{"line":74,"column":0},"end":{"line":74,"column":18}},"74":{"start":{"line":75,"column":0},"end":{"line":75,"column":7}},"75":{"start":{"line":76,"column":0},"end":{"line":76,"column":1}},"97":{"start":{"line":98,"column":0},"end":{"line":98,"column":41}},"98":{"start":{"line":99,"column":0},"end":{"line":99,"column":60}},"99":{"start":{"line":100,"column":0},"end":{"line":100,"column":64}},"100":{"start":{"line":101,"column":0},"end":{"line":101,"column":68}},"109":{"start":{"line":110,"column":0},"end":{"line":110,"column":62}},"117":{"start":{"line":118,"column":0},"end":{"line":118,"column":45}},"118":{"start":{"line":119,"column":0},"end":{"line":119,"column":82}},"119":{"start":{"line":120,"column":0},"end":{"line":120,"column":62}},"120":{"start":{"line":121,"column":0},"end":{"line":121,"column":33}},"121":{"start":{"line":122,"column":0},"end":{"line":122,"column":1}},"124":{"start":{"line":125,"column":0},"end":{"line":125,"column":103}},"125":{"start":{"line":126,"column":0},"end":{"line":126,"column":19}},"126":{"start":{"line":127,"column":0},"end":{"line":127,"column":25}},"127":{"start":{"line":128,"column":0},"end":{"line":128,"column":5}},"128":{"start":{"line":129,"column":0},"end":{"line":129,"column":9}},"129":{"start":{"line":130,"column":0},"end":{"line":130,"column":41}},"130":{"start":{"line":131,"column":0},"end":{"line":131,"column":33}},"131":{"start":{"line":132,"column":0},"end":{"line":132,"column":29}},"132":{"start":{"line":133,"column":0},"end":{"line":133,"column":9}},"133":{"start":{"line":134,"column":0},"end":{"line":134,"column":65}},"134":{"start":{"line":135,"column":0},"end":{"line":135,"column":38}},"135":{"start":{"line":136,"column":0},"end":{"line":136,"column":23}},"136":{"start":{"line":137,"column":0},"end":{"line":137,"column":9}},"137":{"start":{"line":138,"column":0},"end":{"line":138,"column":66}},"138":{"start":{"line":139,"column":0},"end":{"line":139,"column":40}},"139":{"start":{"line":140,"column":0},"end":{"line":140,"column":102}},"140":{"start":{"line":141,"column":0},"end":{"line":141,"column":13}},"141":{"start":{"line":142,"column":0},"end":{"line":142,"column":25}},"142":{"start":{"line":143,"column":0},"end":{"line":143,"column":5}},"143":{"start":{"line":144,"column":0},"end":{"line":144,"column":1}},"145":{"start":{"line":146,"column":0},"end":{"line":146,"column":90}},"146":{"start":{"line":147,"column":0},"end":{"line":147,"column":18}},"147":{"start":{"line":148,"column":0},"end":{"line":148,"column":29}},"148":{"start":{"line":149,"column":0},"end":{"line":149,"column":5}},"149":{"start":{"line":150,"column":0},"end":{"line":150,"column":79}},"150":{"start":{"line":151,"column":0},"end":{"line":151,"column":64}},"151":{"start":{"line":152,"column":0},"end":{"line":152,"column":25}},"152":{"start":{"line":153,"column":0},"end":{"line":153,"column":5}},"153":{"start":{"line":154,"column":0},"end":{"line":154,"column":25}},"154":{"start":{"line":155,"column":0},"end":{"line":155,"column":1}},"156":{"start":{"line":157,"column":0},"end":{"line":157,"column":38}},"157":{"start":{"line":158,"column":0},"end":{"line":158,"column":93}},"158":{"start":{"line":159,"column":0},"end":{"line":159,"column":1}},"160":{"start":{"line":161,"column":0},"end":{"line":161,"column":62}},"161":{"start":{"line":162,"column":0},"end":{"line":162,"column":52}},"162":{"start":{"line":163,"column":0},"end":{"line":163,"column":84}},"163":{"start":{"line":164,"column":0},"end":{"line":164,"column":35}},"164":{"start":{"line":165,"column":0},"end":{"line":165,"column":1}},"166":{"start":{"line":167,"column":0},"end":{"line":167,"column":82}},"167":{"start":{"line":168,"column":0},"end":{"line":168,"column":54}},"168":{"start":{"line":169,"column":0},"end":{"line":169,"column":34}},"169":{"start":{"line":170,"column":0},"end":{"line":170,"column":23}},"170":{"start":{"line":171,"column":0},"end":{"line":171,"column":18}},"171":{"start":{"line":172,"column":0},"end":{"line":172,"column":64}},"172":{"start":{"line":173,"column":0},"end":{"line":173,"column":39}},"173":{"start":{"line":174,"column":0},"end":{"line":174,"column":10}},"174":{"start":{"line":175,"column":0},"end":{"line":175,"column":13}},"175":{"start":{"line":176,"column":0},"end":{"line":176,"column":7}},"176":{"start":{"line":177,"column":0},"end":{"line":177,"column":34}},"177":{"start":{"line":178,"column":0},"end":{"line":178,"column":18}},"183":{"start":{"line":184,"column":0},"end":{"line":184,"column":28}},"184":{"start":{"line":185,"column":0},"end":{"line":185,"column":27}},"185":{"start":{"line":186,"column":0},"end":{"line":186,"column":13}},"186":{"start":{"line":187,"column":0},"end":{"line":187,"column":44}},"187":{"start":{"line":188,"column":0},"end":{"line":188,"column":55}},"188":{"start":{"line":189,"column":0},"end":{"line":189,"column":82}},"189":{"start":{"line":190,"column":0},"end":{"line":190,"column":27}},"190":{"start":{"line":191,"column":0},"end":{"line":191,"column":64}},"191":{"start":{"line":192,"column":0},"end":{"line":192,"column":50}},"192":{"start":{"line":193,"column":0},"end":{"line":193,"column":29}},"193":{"start":{"line":194,"column":0},"end":{"line":194,"column":13}},"194":{"start":{"line":195,"column":0},"end":{"line":195,"column":17}},"196":{"start":{"line":197,"column":0},"end":{"line":197,"column":9}},"197":{"start":{"line":198,"column":0},"end":{"line":198,"column":25}},"198":{"start":{"line":199,"column":0},"end":{"line":199,"column":66}},"199":{"start":{"line":200,"column":0},"end":{"line":200,"column":28}},"200":{"start":{"line":201,"column":0},"end":{"line":201,"column":103}},"201":{"start":{"line":202,"column":0},"end":{"line":202,"column":14}},"202":{"start":{"line":203,"column":0},"end":{"line":203,"column":9}},"203":{"start":{"line":204,"column":0},"end":{"line":204,"column":88}},"204":{"start":{"line":205,"column":0},"end":{"line":205,"column":5}},"205":{"start":{"line":206,"column":0},"end":{"line":206,"column":9}},"206":{"start":{"line":207,"column":0},"end":{"line":207,"column":32}},"207":{"start":{"line":208,"column":0},"end":{"line":208,"column":13}},"208":{"start":{"line":209,"column":0},"end":{"line":209,"column":88}},"209":{"start":{"line":210,"column":0},"end":{"line":210,"column":5}},"210":{"start":{"line":211,"column":0},"end":{"line":211,"column":1}},"212":{"start":{"line":213,"column":0},"end":{"line":213,"column":53}},"213":{"start":{"line":214,"column":0},"end":{"line":214,"column":44}},"214":{"start":{"line":215,"column":0},"end":{"line":215,"column":85}},"215":{"start":{"line":216,"column":0},"end":{"line":216,"column":5}},"216":{"start":{"line":217,"column":0},"end":{"line":217,"column":15}},"217":{"start":{"line":218,"column":0},"end":{"line":218,"column":1}},"237":{"start":{"line":238,"column":0},"end":{"line":238,"column":30}},"238":{"start":{"line":239,"column":0},"end":{"line":239,"column":21}},"239":{"start":{"line":240,"column":0},"end":{"line":240,"column":28}},"240":{"start":{"line":241,"column":0},"end":{"line":241,"column":24}},"241":{"start":{"line":242,"column":0},"end":{"line":242,"column":21}},"242":{"start":{"line":243,"column":0},"end":{"line":243,"column":45}},"243":{"start":{"line":244,"column":0},"end":{"line":244,"column":44}},"244":{"start":{"line":245,"column":0},"end":{"line":245,"column":53}},"247":{"start":{"line":248,"column":0},"end":{"line":248,"column":25}},"248":{"start":{"line":249,"column":0},"end":{"line":249,"column":35}},"249":{"start":{"line":250,"column":0},"end":{"line":250,"column":12}},"250":{"start":{"line":251,"column":0},"end":{"line":251,"column":91}},"251":{"start":{"line":252,"column":0},"end":{"line":252,"column":5}},"252":{"start":{"line":253,"column":0},"end":{"line":253,"column":82}},"254":{"start":{"line":255,"column":0},"end":{"line":255,"column":9}},"256":{"start":{"line":257,"column":0},"end":{"line":257,"column":22}},"257":{"start":{"line":258,"column":0},"end":{"line":258,"column":41}},"258":{"start":{"line":259,"column":0},"end":{"line":259,"column":95}},"259":{"start":{"line":260,"column":0},"end":{"line":260,"column":13}},"260":{"start":{"line":261,"column":0},"end":{"line":261,"column":33}},"261":{"start":{"line":262,"column":0},"end":{"line":262,"column":54}},"262":{"start":{"line":263,"column":0},"end":{"line":263,"column":13}},"264":{"start":{"line":265,"column":0},"end":{"line":265,"column":54}},"265":{"start":{"line":266,"column":0},"end":{"line":266,"column":17}},"266":{"start":{"line":267,"column":0},"end":{"line":267,"column":37}},"267":{"start":{"line":268,"column":0},"end":{"line":268,"column":29}},"268":{"start":{"line":269,"column":0},"end":{"line":269,"column":47}},"269":{"start":{"line":270,"column":0},"end":{"line":270,"column":45}},"270":{"start":{"line":271,"column":0},"end":{"line":271,"column":18}},"271":{"start":{"line":272,"column":0},"end":{"line":272,"column":27}},"272":{"start":{"line":273,"column":0},"end":{"line":273,"column":39}},"273":{"start":{"line":274,"column":0},"end":{"line":274,"column":46}},"274":{"start":{"line":275,"column":0},"end":{"line":275,"column":41}},"275":{"start":{"line":276,"column":0},"end":{"line":276,"column":62}},"276":{"start":{"line":277,"column":0},"end":{"line":277,"column":21}},"277":{"start":{"line":278,"column":0},"end":{"line":278,"column":99}},"278":{"start":{"line":279,"column":0},"end":{"line":279,"column":17}},"279":{"start":{"line":280,"column":0},"end":{"line":280,"column":32}},"280":{"start":{"line":281,"column":0},"end":{"line":281,"column":88}},"281":{"start":{"line":282,"column":0},"end":{"line":282,"column":18}},"282":{"start":{"line":283,"column":0},"end":{"line":283,"column":13}},"284":{"start":{"line":285,"column":0},"end":{"line":285,"column":37}},"286":{"start":{"line":287,"column":0},"end":{"line":287,"column":25}},"287":{"start":{"line":288,"column":0},"end":{"line":288,"column":13}},"289":{"start":{"line":290,"column":0},"end":{"line":290,"column":37}},"290":{"start":{"line":291,"column":0},"end":{"line":291,"column":54}},"291":{"start":{"line":292,"column":0},"end":{"line":292,"column":13}},"293":{"start":{"line":294,"column":0},"end":{"line":294,"column":37}},"294":{"start":{"line":295,"column":0},"end":{"line":295,"column":32}},"295":{"start":{"line":296,"column":0},"end":{"line":296,"column":21}},"296":{"start":{"line":297,"column":0},"end":{"line":297,"column":50}},"297":{"start":{"line":298,"column":0},"end":{"line":298,"column":25}},"298":{"start":{"line":299,"column":0},"end":{"line":299,"column":36}},"299":{"start":{"line":300,"column":0},"end":{"line":300,"column":97}},"300":{"start":{"line":301,"column":0},"end":{"line":301,"column":22}},"301":{"start":{"line":302,"column":0},"end":{"line":302,"column":17}},"304":{"start":{"line":305,"column":0},"end":{"line":305,"column":48}},"305":{"start":{"line":306,"column":0},"end":{"line":306,"column":50}},"306":{"start":{"line":307,"column":0},"end":{"line":307,"column":68}},"307":{"start":{"line":308,"column":0},"end":{"line":308,"column":70}},"308":{"start":{"line":309,"column":0},"end":{"line":309,"column":36}},"309":{"start":{"line":310,"column":0},"end":{"line":310,"column":129}},"310":{"start":{"line":311,"column":0},"end":{"line":311,"column":22}},"311":{"start":{"line":312,"column":0},"end":{"line":312,"column":17}},"312":{"start":{"line":313,"column":0},"end":{"line":313,"column":39}},"313":{"start":{"line":314,"column":0},"end":{"line":314,"column":13}},"315":{"start":{"line":316,"column":0},"end":{"line":316,"column":92}},"316":{"start":{"line":317,"column":0},"end":{"line":317,"column":9}},"317":{"start":{"line":318,"column":0},"end":{"line":318,"column":15}},"318":{"start":{"line":319,"column":0},"end":{"line":319,"column":36}},"319":{"start":{"line":320,"column":0},"end":{"line":320,"column":5}},"320":{"start":{"line":321,"column":0},"end":{"line":321,"column":1}},"322":{"start":{"line":323,"column":0},"end":{"line":323,"column":29}},"323":{"start":{"line":324,"column":0},"end":{"line":324,"column":37}},"324":{"start":{"line":325,"column":0},"end":{"line":325,"column":21}},"325":{"start":{"line":326,"column":0},"end":{"line":326,"column":24}},"326":{"start":{"line":327,"column":0},"end":{"line":327,"column":24}},"327":{"start":{"line":328,"column":0},"end":{"line":328,"column":22}},"332":{"start":{"line":333,"column":0},"end":{"line":333,"column":52}},"334":{"start":{"line":335,"column":0},"end":{"line":335,"column":47}},"337":{"start":{"line":338,"column":0},"end":{"line":338,"column":48}},"339":{"start":{"line":340,"column":0},"end":{"line":340,"column":40}},"340":{"start":{"line":341,"column":0},"end":{"line":341,"column":30}},"341":{"start":{"line":342,"column":0},"end":{"line":342,"column":32}},"342":{"start":{"line":343,"column":0},"end":{"line":343,"column":38}},"343":{"start":{"line":344,"column":0},"end":{"line":344,"column":26}},"344":{"start":{"line":345,"column":0},"end":{"line":345,"column":34}},"345":{"start":{"line":346,"column":0},"end":{"line":346,"column":38}},"346":{"start":{"line":347,"column":0},"end":{"line":347,"column":31}},"347":{"start":{"line":348,"column":0},"end":{"line":348,"column":7}},"348":{"start":{"line":349,"column":0},"end":{"line":349,"column":23}},"349":{"start":{"line":350,"column":0},"end":{"line":350,"column":45}},"350":{"start":{"line":351,"column":0},"end":{"line":351,"column":5}},"352":{"start":{"line":353,"column":0},"end":{"line":353,"column":63}},"357":{"start":{"line":358,"column":0},"end":{"line":358,"column":67}},"358":{"start":{"line":359,"column":0},"end":{"line":359,"column":39}},"359":{"start":{"line":360,"column":0},"end":{"line":360,"column":31}},"360":{"start":{"line":361,"column":0},"end":{"line":361,"column":24}},"361":{"start":{"line":362,"column":0},"end":{"line":362,"column":24}},"362":{"start":{"line":363,"column":0},"end":{"line":363,"column":17}},"363":{"start":{"line":364,"column":0},"end":{"line":364,"column":6}},"365":{"start":{"line":366,"column":0},"end":{"line":366,"column":61}},"367":{"start":{"line":368,"column":0},"end":{"line":368,"column":46}},"371":{"start":{"line":372,"column":0},"end":{"line":372,"column":36}},"372":{"start":{"line":373,"column":0},"end":{"line":373,"column":59}},"373":{"start":{"line":374,"column":0},"end":{"line":374,"column":5}},"375":{"start":{"line":376,"column":0},"end":{"line":376,"column":52}},"376":{"start":{"line":377,"column":0},"end":{"line":377,"column":41}},"377":{"start":{"line":378,"column":0},"end":{"line":378,"column":13}},"378":{"start":{"line":379,"column":0},"end":{"line":379,"column":38}},"379":{"start":{"line":380,"column":0},"end":{"line":380,"column":32}},"380":{"start":{"line":381,"column":0},"end":{"line":381,"column":32}},"381":{"start":{"line":382,"column":0},"end":{"line":382,"column":20}},"383":{"start":{"line":384,"column":0},"end":{"line":384,"column":35}},"384":{"start":{"line":385,"column":0},"end":{"line":385,"column":71}},"385":{"start":{"line":386,"column":0},"end":{"line":386,"column":9}},"386":{"start":{"line":387,"column":0},"end":{"line":387,"column":60}},"387":{"start":{"line":388,"column":0},"end":{"line":388,"column":85}},"388":{"start":{"line":389,"column":0},"end":{"line":389,"column":13}},"390":{"start":{"line":391,"column":0},"end":{"line":391,"column":5}},"391":{"start":{"line":392,"column":0},"end":{"line":392,"column":18}},"392":{"start":{"line":393,"column":0},"end":{"line":393,"column":1}},"394":{"start":{"line":395,"column":0},"end":{"line":395,"column":45}},"395":{"start":{"line":396,"column":0},"end":{"line":396,"column":37}},"396":{"start":{"line":397,"column":0},"end":{"line":397,"column":21}},"397":{"start":{"line":398,"column":0},"end":{"line":398,"column":27}},"398":{"start":{"line":399,"column":0},"end":{"line":399,"column":22}},"404":{"start":{"line":405,"column":0},"end":{"line":405,"column":65}},"405":{"start":{"line":406,"column":0},"end":{"line":406,"column":25}},"406":{"start":{"line":407,"column":0},"end":{"line":407,"column":42}},"407":{"start":{"line":408,"column":0},"end":{"line":408,"column":5}},"408":{"start":{"line":409,"column":0},"end":{"line":409,"column":85}},"410":{"start":{"line":411,"column":0},"end":{"line":411,"column":52}},"411":{"start":{"line":412,"column":0},"end":{"line":412,"column":70}},"412":{"start":{"line":413,"column":0},"end":{"line":413,"column":37}},"413":{"start":{"line":414,"column":0},"end":{"line":414,"column":76}},"414":{"start":{"line":415,"column":0},"end":{"line":415,"column":31}},"415":{"start":{"line":416,"column":0},"end":{"line":416,"column":32}},"416":{"start":{"line":417,"column":0},"end":{"line":417,"column":20}},"418":{"start":{"line":419,"column":0},"end":{"line":419,"column":35}},"419":{"start":{"line":420,"column":0},"end":{"line":420,"column":18}},"420":{"start":{"line":421,"column":0},"end":{"line":421,"column":1}},"429":{"start":{"line":430,"column":0},"end":{"line":430,"column":43}},"430":{"start":{"line":431,"column":0},"end":{"line":431,"column":37}},"431":{"start":{"line":432,"column":0},"end":{"line":432,"column":21}},"432":{"start":{"line":433,"column":0},"end":{"line":433,"column":54}},"433":{"start":{"line":434,"column":0},"end":{"line":434,"column":20}},"434":{"start":{"line":435,"column":0},"end":{"line":435,"column":63}},"436":{"start":{"line":437,"column":0},"end":{"line":437,"column":47}},"437":{"start":{"line":438,"column":0},"end":{"line":438,"column":14}},"438":{"start":{"line":439,"column":0},"end":{"line":439,"column":13}},"439":{"start":{"line":440,"column":0},"end":{"line":440,"column":55}},"440":{"start":{"line":441,"column":0},"end":{"line":441,"column":60}},"441":{"start":{"line":442,"column":0},"end":{"line":442,"column":43}},"442":{"start":{"line":443,"column":0},"end":{"line":443,"column":13}},"443":{"start":{"line":444,"column":0},"end":{"line":444,"column":17}},"445":{"start":{"line":446,"column":0},"end":{"line":446,"column":9}},"446":{"start":{"line":447,"column":0},"end":{"line":447,"column":5}},"449":{"start":{"line":450,"column":0},"end":{"line":450,"column":86}},"452":{"start":{"line":453,"column":0},"end":{"line":453,"column":56}},"453":{"start":{"line":454,"column":0},"end":{"line":454,"column":23}},"454":{"start":{"line":455,"column":0},"end":{"line":455,"column":17}},"455":{"start":{"line":456,"column":0},"end":{"line":456,"column":64}},"456":{"start":{"line":457,"column":0},"end":{"line":457,"column":64}},"457":{"start":{"line":458,"column":0},"end":{"line":458,"column":47}},"458":{"start":{"line":459,"column":0},"end":{"line":459,"column":17}},"459":{"start":{"line":460,"column":0},"end":{"line":460,"column":21}},"461":{"start":{"line":462,"column":0},"end":{"line":462,"column":13}},"462":{"start":{"line":463,"column":0},"end":{"line":463,"column":9}},"463":{"start":{"line":464,"column":0},"end":{"line":464,"column":83}},"464":{"start":{"line":465,"column":0},"end":{"line":465,"column":64}},"465":{"start":{"line":466,"column":0},"end":{"line":466,"column":87}},"466":{"start":{"line":467,"column":0},"end":{"line":467,"column":53}},"467":{"start":{"line":468,"column":0},"end":{"line":468,"column":59}},"468":{"start":{"line":469,"column":0},"end":{"line":469,"column":78}},"469":{"start":{"line":470,"column":0},"end":{"line":470,"column":9}},"470":{"start":{"line":471,"column":0},"end":{"line":471,"column":34}},"471":{"start":{"line":472,"column":0},"end":{"line":472,"column":7}},"472":{"start":{"line":473,"column":0},"end":{"line":473,"column":1}},"474":{"start":{"line":475,"column":0},"end":{"line":475,"column":36}},"475":{"start":{"line":476,"column":0},"end":{"line":476,"column":37}},"476":{"start":{"line":477,"column":0},"end":{"line":477,"column":20}},"477":{"start":{"line":478,"column":0},"end":{"line":478,"column":34}},"478":{"start":{"line":479,"column":0},"end":{"line":479,"column":47}},"479":{"start":{"line":480,"column":0},"end":{"line":480,"column":30}},"480":{"start":{"line":481,"column":0},"end":{"line":481,"column":25}},"481":{"start":{"line":482,"column":0},"end":{"line":482,"column":5}},"482":{"start":{"line":483,"column":0},"end":{"line":483,"column":28}},"483":{"start":{"line":484,"column":0},"end":{"line":484,"column":9}},"484":{"start":{"line":485,"column":0},"end":{"line":485,"column":56}},"485":{"start":{"line":486,"column":0},"end":{"line":486,"column":40}},"486":{"start":{"line":487,"column":0},"end":{"line":487,"column":45}},"487":{"start":{"line":488,"column":0},"end":{"line":488,"column":36}},"488":{"start":{"line":489,"column":0},"end":{"line":489,"column":24}},"489":{"start":{"line":490,"column":0},"end":{"line":490,"column":17}},"497":{"start":{"line":498,"column":0},"end":{"line":498,"column":38}},"498":{"start":{"line":499,"column":0},"end":{"line":499,"column":16}},"499":{"start":{"line":500,"column":0},"end":{"line":500,"column":5}},"500":{"start":{"line":501,"column":0},"end":{"line":501,"column":56}},"501":{"start":{"line":502,"column":0},"end":{"line":502,"column":52}},"502":{"start":{"line":503,"column":0},"end":{"line":503,"column":5}},"503":{"start":{"line":504,"column":0},"end":{"line":504,"column":41}},"504":{"start":{"line":505,"column":0},"end":{"line":505,"column":71}},"505":{"start":{"line":506,"column":0},"end":{"line":506,"column":18}},"506":{"start":{"line":507,"column":0},"end":{"line":507,"column":1}},"508":{"start":{"line":509,"column":0},"end":{"line":509,"column":38}},"509":{"start":{"line":510,"column":0},"end":{"line":510,"column":36}},"510":{"start":{"line":511,"column":0},"end":{"line":511,"column":34}},"511":{"start":{"line":512,"column":0},"end":{"line":512,"column":57}},"512":{"start":{"line":513,"column":0},"end":{"line":513,"column":59}},"513":{"start":{"line":514,"column":0},"end":{"line":514,"column":1}},"515":{"start":{"line":516,"column":0},"end":{"line":516,"column":37}},"516":{"start":{"line":517,"column":0},"end":{"line":517,"column":37}},"517":{"start":{"line":518,"column":0},"end":{"line":518,"column":34}},"518":{"start":{"line":519,"column":0},"end":{"line":519,"column":18}},"519":{"start":{"line":520,"column":0},"end":{"line":520,"column":48}},"520":{"start":{"line":521,"column":0},"end":{"line":521,"column":83}},"521":{"start":{"line":522,"column":0},"end":{"line":522,"column":29}},"522":{"start":{"line":523,"column":0},"end":{"line":523,"column":66}},"523":{"start":{"line":524,"column":0},"end":{"line":524,"column":5}},"524":{"start":{"line":525,"column":0},"end":{"line":525,"column":75}},"525":{"start":{"line":526,"column":0},"end":{"line":526,"column":27}},"526":{"start":{"line":527,"column":0},"end":{"line":527,"column":13}},"527":{"start":{"line":528,"column":0},"end":{"line":528,"column":55}},"528":{"start":{"line":529,"column":0},"end":{"line":529,"column":17}},"530":{"start":{"line":531,"column":0},"end":{"line":531,"column":9}},"531":{"start":{"line":532,"column":0},"end":{"line":532,"column":5}},"532":{"start":{"line":533,"column":0},"end":{"line":533,"column":1}},"540":{"start":{"line":541,"column":0},"end":{"line":541,"column":41}},"541":{"start":{"line":542,"column":0},"end":{"line":542,"column":36}},"542":{"start":{"line":543,"column":0},"end":{"line":543,"column":32}},"543":{"start":{"line":544,"column":0},"end":{"line":544,"column":47}},"544":{"start":{"line":545,"column":0},"end":{"line":545,"column":15}},"545":{"start":{"line":546,"column":0},"end":{"line":546,"column":25}},"546":{"start":{"line":547,"column":0},"end":{"line":547,"column":5}},"547":{"start":{"line":548,"column":0},"end":{"line":548,"column":53}},"548":{"start":{"line":549,"column":0},"end":{"line":549,"column":39}},"549":{"start":{"line":550,"column":0},"end":{"line":550,"column":1}},"557":{"start":{"line":558,"column":0},"end":{"line":558,"column":51}},"558":{"start":{"line":559,"column":0},"end":{"line":559,"column":26}},"559":{"start":{"line":560,"column":0},"end":{"line":560,"column":21}},"560":{"start":{"line":561,"column":0},"end":{"line":561,"column":5}},"561":{"start":{"line":562,"column":0},"end":{"line":562,"column":59}},"562":{"start":{"line":563,"column":0},"end":{"line":563,"column":1}},"576":{"start":{"line":577,"column":0},"end":{"line":577,"column":41}},"577":{"start":{"line":578,"column":0},"end":{"line":578,"column":37}},"578":{"start":{"line":579,"column":0},"end":{"line":579,"column":20}},"579":{"start":{"line":580,"column":0},"end":{"line":580,"column":32}},"580":{"start":{"line":581,"column":0},"end":{"line":581,"column":46}},"581":{"start":{"line":582,"column":0},"end":{"line":582,"column":16}},"582":{"start":{"line":583,"column":0},"end":{"line":583,"column":25}},"583":{"start":{"line":584,"column":0},"end":{"line":584,"column":5}},"584":{"start":{"line":585,"column":0},"end":{"line":585,"column":26}},"585":{"start":{"line":586,"column":0},"end":{"line":586,"column":34}},"589":{"start":{"line":590,"column":0},"end":{"line":590,"column":42}},"590":{"start":{"line":591,"column":0},"end":{"line":591,"column":29}},"591":{"start":{"line":592,"column":0},"end":{"line":592,"column":9}},"592":{"start":{"line":593,"column":0},"end":{"line":593,"column":13}},"593":{"start":{"line":594,"column":0},"end":{"line":594,"column":53}},"594":{"start":{"line":595,"column":0},"end":{"line":595,"column":17}},"597":{"start":{"line":598,"column":0},"end":{"line":598,"column":42}},"598":{"start":{"line":599,"column":0},"end":{"line":599,"column":29}},"599":{"start":{"line":600,"column":0},"end":{"line":600,"column":9}},"600":{"start":{"line":601,"column":0},"end":{"line":601,"column":5}},"601":{"start":{"line":602,"column":0},"end":{"line":602,"column":30}},"602":{"start":{"line":603,"column":0},"end":{"line":603,"column":1}},"615":{"start":{"line":616,"column":0},"end":{"line":616,"column":43}},"616":{"start":{"line":617,"column":0},"end":{"line":617,"column":37}},"617":{"start":{"line":618,"column":0},"end":{"line":618,"column":20}},"618":{"start":{"line":619,"column":0},"end":{"line":619,"column":32}},"619":{"start":{"line":620,"column":0},"end":{"line":620,"column":86}},"620":{"start":{"line":621,"column":0},"end":{"line":621,"column":37}},"621":{"start":{"line":622,"column":0},"end":{"line":622,"column":6}},"622":{"start":{"line":623,"column":0},"end":{"line":623,"column":52}},"625":{"start":{"line":626,"column":0},"end":{"line":626,"column":57}},"626":{"start":{"line":627,"column":0},"end":{"line":627,"column":46}},"627":{"start":{"line":628,"column":0},"end":{"line":628,"column":36}},"628":{"start":{"line":629,"column":0},"end":{"line":629,"column":11}},"629":{"start":{"line":630,"column":0},"end":{"line":630,"column":5}},"631":{"start":{"line":632,"column":0},"end":{"line":632,"column":21}},"632":{"start":{"line":633,"column":0},"end":{"line":633,"column":1}},"634":{"start":{"line":635,"column":0},"end":{"line":635,"column":48}},"635":{"start":{"line":636,"column":0},"end":{"line":636,"column":63}},"636":{"start":{"line":637,"column":0},"end":{"line":637,"column":12}},"637":{"start":{"line":638,"column":0},"end":{"line":638,"column":52}},"638":{"start":{"line":639,"column":0},"end":{"line":639,"column":60}},"639":{"start":{"line":640,"column":0},"end":{"line":640,"column":62}},"640":{"start":{"line":641,"column":0},"end":{"line":641,"column":62}},"641":{"start":{"line":642,"column":0},"end":{"line":642,"column":59}},"642":{"start":{"line":643,"column":0},"end":{"line":643,"column":72}},"643":{"start":{"line":644,"column":0},"end":{"line":644,"column":58}},"644":{"start":{"line":645,"column":0},"end":{"line":645,"column":6}},"645":{"start":{"line":646,"column":0},"end":{"line":646,"column":1}}},"s":{"0":1,"16":0,"17":0,"18":0,"19":0,"20":0,"21":0,"22":0,"23":0,"24":0,"25":0,"26":0,"27":0,"28":0,"29":0,"30":0,"31":0,"32":0,"33":0,"34":0,"35":0,"36":0,"37":0,"38":0,"39":0,"40":0,"41":0,"42":0,"43":0,"44":0,"45":0,"46":0,"47":0,"48":0,"49":0,"50":0,"51":0,"52":0,"53":0,"54":0,"55":0,"56":0,"57":0,"58":0,"59":0,"60":0,"61":0,"62":0,"63":0,"64":0,"65":0,"66":0,"67":0,"68":0,"69":0,"70":0,"71":0,"72":0,"73":0,"74":0,"75":0,"97":1,"98":1,"99":1,"100":1,"109":1,"117":1,"118":1,"119":1,"120":0,"121":0,"124":1,"125":4,"126":1,"127":1,"128":3,"129":3,"130":4,"131":1,"132":1,"133":2,"134":4,"135":5,"136":5,"137":2,"138":2,"139":4,"140":4,"141":1,"142":1,"143":4,"145":1,"146":5,"147":1,"148":1,"149":5,"150":5,"151":3,"152":3,"153":1,"154":1,"156":0,"157":0,"158":0,"160":0,"161":0,"162":0,"163":0,"164":0,"166":2,"167":2,"168":2,"169":2,"170":2,"171":2,"172":2,"173":2,"174":2,"175":2,"176":2,"177":2,"183":0,"184":0,"185":0,"186":0,"187":0,"188":0,"189":0,"190":0,"191":0,"192":0,"193":0,"194":0,"196":0,"197":0,"198":0,"199":0,"200":0,"201":0,"202":0,"203":0,"204":0,"205":2,"206":2,"207":2,"208":0,"209":0,"210":2,"212":1,"213":4,"214":3,"215":3,"216":4,"217":4,"237":0,"238":0,"239":0,"240":0,"241":0,"242":0,"243":0,"244":0,"247":0,"248":0,"249":0,"250":0,"251":0,"252":0,"254":0,"256":0,"257":0,"258":0,"259":0,"260":0,"261":0,"262":0,"264":0,"265":0,"266":0,"267":0,"268":0,"269":0,"270":0,"271":0,"272":0,"273":0,"274":0,"275":0,"276":0,"277":0,"278":0,"279":0,"280":0,"281":0,"282":0,"284":0,"286":0,"287":0,"289":0,"290":0,"291":0,"293":0,"294":0,"295":0,"296":0,"297":0,"298":0,"299":0,"300":0,"301":0,"304":0,"305":0,"306":0,"307":0,"308":0,"309":0,"310":0,"311":0,"312":0,"313":0,"315":0,"316":0,"317":0,"318":0,"319":0,"320":0,"322":0,"323":0,"324":0,"325":0,"326":0,"327":0,"332":0,"334":0,"337":0,"339":0,"340":0,"341":0,"342":0,"343":0,"344":0,"345":0,"346":0,"347":0,"348":0,"349":0,"350":0,"352":0,"357":0,"358":0,"359":0,"360":0,"361":0,"362":0,"363":0,"365":0,"367":0,"371":0,"372":0,"373":0,"375":0,"376":0,"377":0,"378":0,"379":0,"380":0,"381":0,"383":0,"384":0,"385":0,"386":0,"387":0,"388":0,"390":0,"391":0,"392":0,"394":0,"395":0,"396":0,"397":0,"398":0,"404":0,"405":0,"406":0,"407":0,"408":0,"410":0,"411":0,"412":0,"413":0,"414":0,"415":0,"416":0,"418":0,"419":0,"420":0,"429":0,"430":0,"431":0,"432":0,"433":0,"434":0,"436":0,"437":0,"438":0,"439":0,"440":0,"441":0,"442":0,"443":0,"445":0,"446":0,"449":0,"452":0,"453":0,"454":0,"455":0,"456":0,"457":0,"458":0,"459":0,"461":0,"462":0,"463":0,"464":0,"465":0,"466":0,"467":0,"468":0,"469":0,"470":0,"471":0,"472":0,"474":4,"475":4,"476":4,"477":4,"478":4,"479":4,"480":2,"481":2,"482":2,"483":2,"484":2,"485":2,"486":2,"487":2,"488":2,"489":4,"497":0,"498":0,"499":0,"500":4,"501":2,"502":2,"503":2,"504":2,"505":2,"506":2,"508":7,"509":7,"510":7,"511":7,"512":7,"513":7,"515":3,"516":3,"517":3,"518":3,"519":3,"520":3,"521":3,"522":2,"523":2,"524":3,"525":3,"526":1,"527":1,"528":1,"530":0,"531":1,"532":3,"540":0,"541":0,"542":0,"543":0,"544":0,"545":0,"546":0,"547":0,"548":0,"549":0,"557":1,"558":3,"559":1,"560":1,"561":2,"562":2,"576":0,"577":0,"578":0,"579":0,"580":0,"581":0,"582":0,"583":0,"584":0,"585":0,"589":0,"590":0,"591":0,"592":0,"593":0,"594":0,"597":0,"598":0,"599":0,"600":0,"601":0,"602":0,"615":0,"616":0,"617":0,"618":0,"619":0,"620":0,"621":0,"622":0,"625":0,"626":0,"627":0,"628":0,"629":0,"631":0,"632":0,"634":1,"635":0,"636":0,"637":0,"638":0,"639":0,"640":0,"641":0,"642":0,"643":0,"644":0,"645":0},"branchMap":{"0":{"type":"branch","line":125,"loc":{"start":{"line":125,"column":7},"end":{"line":144,"column":1}},"locations":[{"start":{"line":125,"column":7},"end":{"line":144,"column":1}}]},"1":{"type":"branch","line":126,"loc":{"start":{"line":126,"column":18},"end":{"line":128,"column":5}},"locations":[{"start":{"line":126,"column":18},"end":{"line":128,"column":5}}]},"2":{"type":"branch","line":128,"loc":{"start":{"line":128,"column":4},"end":{"line":131,"column":32}},"locations":[{"start":{"line":128,"column":4},"end":{"line":131,"column":32}}]},"3":{"type":"branch","line":131,"loc":{"start":{"line":131,"column":32},"end":{"line":133,"column":9}},"locations":[{"start":{"line":131,"column":32},"end":{"line":133,"column":9}}]},"4":{"type":"branch","line":133,"loc":{"start":{"line":133,"column":8},"end":{"line":135,"column":37}},"locations":[{"start":{"line":133,"column":8},"end":{"line":135,"column":37}}]},"5":{"type":"branch","line":135,"loc":{"start":{"line":135,"column":37},"end":{"line":137,"column":9}},"locations":[{"start":{"line":135,"column":37},"end":{"line":137,"column":9}}]},"6":{"type":"branch","line":137,"loc":{"start":{"line":137,"column":8},"end":{"line":140,"column":25}},"locations":[{"start":{"line":137,"column":8},"end":{"line":140,"column":25}}]},"7":{"type":"branch","line":140,"loc":{"start":{"line":140,"column":15},"end":{"line":140,"column":55}},"locations":[{"start":{"line":140,"column":15},"end":{"line":140,"column":55}}]},"8":{"type":"branch","line":140,"loc":{"start":{"line":140,"column":43},"end":{"line":140,"column":92}},"locations":[{"start":{"line":140,"column":43},"end":{"line":140,"column":92}}]},"9":{"type":"branch","line":140,"loc":{"start":{"line":140,"column":55},"end":{"line":140,"column":102}},"locations":[{"start":{"line":140,"column":55},"end":{"line":140,"column":102}}]},"10":{"type":"branch","line":141,"loc":{"start":{"line":141,"column":4},"end":{"line":143,"column":5}},"locations":[{"start":{"line":141,"column":4},"end":{"line":143,"column":5}}]},"11":{"type":"branch","line":146,"loc":{"start":{"line":146,"column":7},"end":{"line":155,"column":1}},"locations":[{"start":{"line":146,"column":7},"end":{"line":155,"column":1}}]},"12":{"type":"branch","line":147,"loc":{"start":{"line":147,"column":17},"end":{"line":149,"column":5}},"locations":[{"start":{"line":147,"column":17},"end":{"line":149,"column":5}}]},"13":{"type":"branch","line":149,"loc":{"start":{"line":149,"column":4},"end":{"line":150,"column":51}},"locations":[{"start":{"line":149,"column":4},"end":{"line":150,"column":51}}]},"14":{"type":"branch","line":150,"loc":{"start":{"line":150,"column":29},"end":{"line":150,"column":67}},"locations":[{"start":{"line":150,"column":29},"end":{"line":150,"column":67}}]},"15":{"type":"branch","line":150,"loc":{"start":{"line":150,"column":58},"end":{"line":150,"column":79}},"locations":[{"start":{"line":150,"column":58},"end":{"line":150,"column":79}}]},"16":{"type":"branch","line":151,"loc":{"start":{"line":151,"column":29},"end":{"line":151,"column":63}},"locations":[{"start":{"line":151,"column":29},"end":{"line":151,"column":63}}]},"17":{"type":"branch","line":151,"loc":{"start":{"line":151,"column":63},"end":{"line":153,"column":5}},"locations":[{"start":{"line":151,"column":63},"end":{"line":153,"column":5}}]},"18":{"type":"branch","line":153,"loc":{"start":{"line":153,"column":4},"end":{"line":155,"column":1}},"locations":[{"start":{"line":153,"column":4},"end":{"line":155,"column":1}}]},"19":{"type":"branch","line":167,"loc":{"start":{"line":167,"column":0},"end":{"line":211,"column":1}},"locations":[{"start":{"line":167,"column":0},"end":{"line":211,"column":1}}]},"20":{"type":"branch","line":178,"loc":{"start":{"line":178,"column":17},"end":{"line":205,"column":5}},"locations":[{"start":{"line":178,"column":17},"end":{"line":205,"column":5}}]},"21":{"type":"branch","line":208,"loc":{"start":{"line":208,"column":4},"end":{"line":210,"column":5}},"locations":[{"start":{"line":208,"column":4},"end":{"line":210,"column":5}}]},"22":{"type":"branch","line":213,"loc":{"start":{"line":213,"column":7},"end":{"line":218,"column":1}},"locations":[{"start":{"line":213,"column":7},"end":{"line":218,"column":1}}]},"23":{"type":"branch","line":214,"loc":{"start":{"line":214,"column":43},"end":{"line":216,"column":5}},"locations":[{"start":{"line":214,"column":43},"end":{"line":216,"column":5}}]},"24":{"type":"branch","line":475,"loc":{"start":{"line":475,"column":0},"end":{"line":507,"column":1}},"locations":[{"start":{"line":475,"column":0},"end":{"line":507,"column":1}}]},"25":{"type":"branch","line":480,"loc":{"start":{"line":480,"column":9},"end":{"line":480,"column":29}},"locations":[{"start":{"line":480,"column":9},"end":{"line":480,"column":29}}]},"26":{"type":"branch","line":480,"loc":{"start":{"line":480,"column":29},"end":{"line":490,"column":13}},"locations":[{"start":{"line":480,"column":29},"end":{"line":490,"column":13}}]},"27":{"type":"branch","line":490,"loc":{"start":{"line":490,"column":4},"end":{"line":500,"column":5}},"locations":[{"start":{"line":490,"column":4},"end":{"line":500,"column":5}}]},"28":{"type":"branch","line":500,"loc":{"start":{"line":500,"column":4},"end":{"line":501,"column":55}},"locations":[{"start":{"line":500,"column":4},"end":{"line":501,"column":55}}]},"29":{"type":"branch","line":501,"loc":{"start":{"line":501,"column":55},"end":{"line":507,"column":1}},"locations":[{"start":{"line":501,"column":55},"end":{"line":507,"column":1}}]},"30":{"type":"branch","line":509,"loc":{"start":{"line":509,"column":0},"end":{"line":514,"column":1}},"locations":[{"start":{"line":509,"column":0},"end":{"line":514,"column":1}}]},"31":{"type":"branch","line":513,"loc":{"start":{"line":513,"column":11},"end":{"line":513,"column":49}},"locations":[{"start":{"line":513,"column":11},"end":{"line":513,"column":49}}]},"32":{"type":"branch","line":513,"loc":{"start":{"line":513,"column":32},"end":{"line":513,"column":59}},"locations":[{"start":{"line":513,"column":32},"end":{"line":513,"column":59}}]},"33":{"type":"branch","line":516,"loc":{"start":{"line":516,"column":0},"end":{"line":533,"column":1}},"locations":[{"start":{"line":516,"column":0},"end":{"line":533,"column":1}}]},"34":{"type":"branch","line":522,"loc":{"start":{"line":522,"column":28},"end":{"line":524,"column":5}},"locations":[{"start":{"line":522,"column":28},"end":{"line":524,"column":5}}]},"35":{"type":"branch","line":526,"loc":{"start":{"line":526,"column":9},"end":{"line":526,"column":26}},"locations":[{"start":{"line":526,"column":9},"end":{"line":526,"column":26}}]},"36":{"type":"branch","line":526,"loc":{"start":{"line":526,"column":26},"end":{"line":532,"column":5}},"locations":[{"start":{"line":526,"column":26},"end":{"line":532,"column":5}}]},"37":{"type":"branch","line":529,"loc":{"start":{"line":529,"column":8},"end":{"line":531,"column":9}},"locations":[{"start":{"line":529,"column":8},"end":{"line":531,"column":9}}]},"38":{"type":"branch","line":558,"loc":{"start":{"line":558,"column":7},"end":{"line":563,"column":1}},"locations":[{"start":{"line":558,"column":7},"end":{"line":563,"column":1}}]},"39":{"type":"branch","line":559,"loc":{"start":{"line":559,"column":25},"end":{"line":561,"column":5}},"locations":[{"start":{"line":559,"column":25},"end":{"line":561,"column":5}}]},"40":{"type":"branch","line":561,"loc":{"start":{"line":561,"column":4},"end":{"line":563,"column":1}},"locations":[{"start":{"line":561,"column":4},"end":{"line":563,"column":1}}]}},"b":{"0":[4],"1":[1],"2":[3],"3":[1],"4":[2],"5":[5],"6":[2],"7":[1],"8":[1],"9":[0],"10":[1],"11":[5],"12":[1],"13":[4],"14":[3],"15":[2],"16":[3],"17":[3],"18":[1],"19":[2],"20":[0],"21":[0],"22":[4],"23":[3],"24":[4],"25":[3],"26":[2],"27":[0],"28":[2],"29":[2],"30":[7],"31":[5],"32":[2],"33":[3],"34":[2],"35":[2],"36":[1],"37":[0],"38":[3],"39":[1],"40":[2]},"fnMap":{"0":{"name":"postJson","decl":{"start":{"line":17,"column":0},"end":{"line":76,"column":1}},"loc":{"start":{"line":17,"column":0},"end":{"line":76,"column":1}},"line":17},"1":{"name":"fireAuthStateChanged","decl":{"start":{"line":120,"column":7},"end":{"line":122,"column":1}},"loc":{"start":{"line":120,"column":7},"end":{"line":122,"column":1}},"line":120},"2":{"name":"decodeIdTokenClaims","decl":{"start":{"line":125,"column":7},"end":{"line":144,"column":1}},"loc":{"start":{"line":125,"column":7},"end":{"line":144,"column":1}},"line":125},"3":{"name":"userLabelFromClaims","decl":{"start":{"line":146,"column":7},"end":{"line":155,"column":1}},"loc":{"start":{"line":146,"column":7},"end":{"line":155,"column":1}},"line":146},"4":{"name":"b64url","decl":{"start":{"line":157,"column":0},"end":{"line":159,"column":1}},"loc":{"start":{"line":157,"column":0},"end":{"line":159,"column":1}},"line":157},"5":{"name":"pkcePair","decl":{"start":{"line":161,"column":0},"end":{"line":165,"column":1}},"loc":{"start":{"line":161,"column":0},"end":{"line":165,"column":1}},"line":161},"6":{"name":"postForm","decl":{"start":{"line":167,"column":0},"end":{"line":211,"column":1}},"loc":{"start":{"line":167,"column":0},"end":{"line":211,"column":1}},"line":167},"7":{"name":"withExpiry","decl":{"start":{"line":213,"column":7},"end":{"line":218,"column":1}},"loc":{"start":{"line":213,"column":7},"end":{"line":218,"column":1}},"line":213},"8":{"name":"pollActionWait","decl":{"start":{"line":238,"column":0},"end":{"line":321,"column":1}},"loc":{"start":{"line":238,"column":0},"end":{"line":321,"column":1}},"line":238},"9":{"name":"signIn","decl":{"start":{"line":323,"column":0},"end":{"line":393,"column":1}},"loc":{"start":{"line":323,"column":0},"end":{"line":393,"column":1}},"line":323},"10":{"name":"exchangeWorkspaceToken","decl":{"start":{"line":395,"column":0},"end":{"line":421,"column":1}},"loc":{"start":{"line":395,"column":0},"end":{"line":421,"column":1}},"line":395},"11":{"name":"ensureWorkspaceToken","decl":{"start":{"line":430,"column":0},"end":{"line":473,"column":1}},"loc":{"start":{"line":430,"column":0},"end":{"line":473,"column":1}},"line":430},"12":{"name":"refreshTokens","decl":{"start":{"line":475,"column":0},"end":{"line":507,"column":1}},"loc":{"start":{"line":475,"column":0},"end":{"line":507,"column":1}},"line":475},"13":{"name":"getStoredTokens","decl":{"start":{"line":509,"column":0},"end":{"line":514,"column":1}},"loc":{"start":{"line":509,"column":0},"end":{"line":514,"column":1}},"line":509},"14":{"name":"clearAllTokens","decl":{"start":{"line":516,"column":0},"end":{"line":533,"column":1}},"loc":{"start":{"line":516,"column":0},"end":{"line":533,"column":1}},"line":516},"15":{"name":"getActiveUserLabel","decl":{"start":{"line":541,"column":0},"end":{"line":550,"column":1}},"loc":{"start":{"line":541,"column":0},"end":{"line":550,"column":1}},"line":541},"16":{"name":"isExpired","decl":{"start":{"line":558,"column":7},"end":{"line":563,"column":1}},"loc":{"start":{"line":558,"column":7},"end":{"line":563,"column":1}},"line":558},"17":{"name":"getBaseAccessToken","decl":{"start":{"line":577,"column":0},"end":{"line":603,"column":1}},"loc":{"start":{"line":577,"column":0},"end":{"line":603,"column":1}},"line":577},"18":{"name":"getActiveAccessToken","decl":{"start":{"line":616,"column":0},"end":{"line":633,"column":1}},"loc":{"start":{"line":616,"column":0},"end":{"line":633,"column":1}},"line":616},"19":{"name":"readOAuthConfig","decl":{"start":{"line":635,"column":7},"end":{"line":646,"column":1}},"loc":{"start":{"line":635,"column":7},"end":{"line":646,"column":1}},"line":635}},"f":{"0":0,"1":0,"2":4,"3":5,"4":0,"5":0,"6":2,"7":4,"8":0,"9":0,"10":0,"11":0,"12":4,"13":7,"14":3,"15":0,"16":3,"17":0,"18":0,"19":0}}
,"/Users/dmitrykolomiets/Dev/devcenter/a365-vscode-extension/src/extension.ts": {"path":"/Users/dmitrykolomiets/Dev/devcenter/a365-vscode-extension/src/extension.ts","all":true,"statementMap":{"0":{"start":{"line":1,"column":0},"end":{"line":1,"column":33}},"1":{"start":{"line":2,"column":0},"end":{"line":2,"column":29}},"2":{"start":{"line":3,"column":0},"end":{"line":3,"column":25}},"3":{"start":{"line":4,"column":0},"end":{"line":4,"column":25}},"4":{"start":{"line":5,"column":0},"end":{"line":5,"column":38}},"5":{"start":{"line":6,"column":0},"end":{"line":6,"column":8}},"15":{"start":{"line":16,"column":0},"end":{"line":16,"column":16}},"16":{"start":{"line":17,"column":0},"end":{"line":17,"column":159}},"17":{"start":{"line":18,"column":0},"end":{"line":18,"column":61}},"18":{"start":{"line":19,"column":0},"end":{"line":19,"column":46}},"19":{"start":{"line":20,"column":0},"end":{"line":20,"column":58}},"20":{"start":{"line":21,"column":0},"end":{"line":21,"column":54}},"21":{"start":{"line":22,"column":0},"end":{"line":22,"column":56}},"22":{"start":{"line":23,"column":0},"end":{"line":23,"column":72}},"23":{"start":{"line":24,"column":0},"end":{"line":24,"column":118}},"24":{"start":{"line":25,"column":0},"end":{"line":25,"column":62}},"25":{"start":{"line":26,"column":0},"end":{"line":26,"column":64}},"26":{"start":{"line":27,"column":0},"end":{"line":27,"column":51}},"27":{"start":{"line":28,"column":0},"end":{"line":28,"column":66}},"28":{"start":{"line":29,"column":0},"end":{"line":29,"column":70}},"29":{"start":{"line":30,"column":0},"end":{"line":30,"column":66}},"31":{"start":{"line":32,"column":0},"end":{"line":32,"column":40}},"33":{"start":{"line":34,"column":0},"end":{"line":34,"column":87}},"34":{"start":{"line":35,"column":0},"end":{"line":35,"column":9}},"35":{"start":{"line":36,"column":0},"end":{"line":36,"column":51}},"36":{"start":{"line":37,"column":0},"end":{"line":37,"column":88}},"37":{"start":{"line":38,"column":0},"end":{"line":38,"column":13}},"38":{"start":{"line":39,"column":0},"end":{"line":39,"column":79}},"39":{"start":{"line":40,"column":0},"end":{"line":40,"column":5}},"40":{"start":{"line":41,"column":0},"end":{"line":41,"column":1}},"42":{"start":{"line":43,"column":0},"end":{"line":43,"column":88}},"43":{"start":{"line":44,"column":0},"end":{"line":44,"column":18}},"44":{"start":{"line":45,"column":0},"end":{"line":45,"column":99}},"45":{"start":{"line":46,"column":0},"end":{"line":46,"column":15}},"46":{"start":{"line":47,"column":0},"end":{"line":47,"column":5}},"48":{"start":{"line":49,"column":0},"end":{"line":49,"column":24}},"49":{"start":{"line":50,"column":0},"end":{"line":50,"column":45}},"50":{"start":{"line":51,"column":0},"end":{"line":51,"column":53}},"51":{"start":{"line":52,"column":0},"end":{"line":52,"column":6}},"53":{"start":{"line":54,"column":0},"end":{"line":54,"column":40}},"54":{"start":{"line":55,"column":0},"end":{"line":55,"column":66}},"55":{"start":{"line":56,"column":0},"end":{"line":56,"column":1}},"57":{"start":{"line":58,"column":0},"end":{"line":58,"column":60}},"58":{"start":{"line":59,"column":0},"end":{"line":59,"column":74}},"60":{"start":{"line":61,"column":0},"end":{"line":61,"column":50}},"61":{"start":{"line":62,"column":0},"end":{"line":62,"column":16}},"62":{"start":{"line":63,"column":0},"end":{"line":63,"column":22}},"63":{"start":{"line":64,"column":0},"end":{"line":64,"column":95}},"64":{"start":{"line":65,"column":0},"end":{"line":65,"column":6}},"65":{"start":{"line":66,"column":0},"end":{"line":66,"column":69}},"66":{"start":{"line":67,"column":0},"end":{"line":67,"column":39}},"67":{"start":{"line":68,"column":0},"end":{"line":68,"column":30}},"68":{"start":{"line":69,"column":0},"end":{"line":69,"column":7}},"70":{"start":{"line":71,"column":0},"end":{"line":71,"column":77}},"71":{"start":{"line":72,"column":0},"end":{"line":72,"column":76}},"72":{"start":{"line":73,"column":0},"end":{"line":73,"column":78}},"73":{"start":{"line":74,"column":0},"end":{"line":74,"column":76}},"74":{"start":{"line":75,"column":0},"end":{"line":75,"column":73}},"75":{"start":{"line":76,"column":0},"end":{"line":76,"column":78}},"76":{"start":{"line":77,"column":0},"end":{"line":77,"column":76}},"77":{"start":{"line":78,"column":0},"end":{"line":78,"column":74}},"78":{"start":{"line":79,"column":0},"end":{"line":79,"column":75}},"79":{"start":{"line":80,"column":0},"end":{"line":80,"column":18}},"80":{"start":{"line":81,"column":0},"end":{"line":81,"column":36}},"81":{"start":{"line":82,"column":0},"end":{"line":82,"column":55}},"82":{"start":{"line":83,"column":0},"end":{"line":83,"column":67}},"83":{"start":{"line":84,"column":0},"end":{"line":84,"column":64}},"84":{"start":{"line":85,"column":0},"end":{"line":85,"column":21}},"85":{"start":{"line":86,"column":0},"end":{"line":86,"column":26}},"86":{"start":{"line":87,"column":0},"end":{"line":87,"column":9}},"87":{"start":{"line":88,"column":0},"end":{"line":88,"column":76}},"88":{"start":{"line":89,"column":0},"end":{"line":89,"column":40}},"89":{"start":{"line":90,"column":0},"end":{"line":90,"column":55}},"90":{"start":{"line":91,"column":0},"end":{"line":91,"column":6}},"91":{"start":{"line":92,"column":0},"end":{"line":92,"column":34}},"92":{"start":{"line":93,"column":0},"end":{"line":93,"column":38}},"93":{"start":{"line":94,"column":0},"end":{"line":94,"column":69}},"94":{"start":{"line":95,"column":0},"end":{"line":95,"column":6}},"95":{"start":{"line":96,"column":0},"end":{"line":96,"column":21}},"97":{"start":{"line":98,"column":0},"end":{"line":98,"column":62}},"99":{"start":{"line":100,"column":0},"end":{"line":100,"column":46}},"100":{"start":{"line":101,"column":0},"end":{"line":101,"column":16}},"101":{"start":{"line":102,"column":0},"end":{"line":102,"column":96}},"102":{"start":{"line":103,"column":0},"end":{"line":103,"column":21}},"103":{"start":{"line":104,"column":0},"end":{"line":104,"column":6}},"104":{"start":{"line":105,"column":0},"end":{"line":105,"column":71}},"105":{"start":{"line":106,"column":0},"end":{"line":106,"column":20}},"106":{"start":{"line":107,"column":0},"end":{"line":107,"column":17}},"107":{"start":{"line":108,"column":0},"end":{"line":108,"column":52}},"108":{"start":{"line":109,"column":0},"end":{"line":109,"column":6}},"110":{"start":{"line":111,"column":0},"end":{"line":111,"column":72}},"111":{"start":{"line":112,"column":0},"end":{"line":112,"column":66}},"112":{"start":{"line":113,"column":0},"end":{"line":113,"column":64}},"113":{"start":{"line":114,"column":0},"end":{"line":114,"column":80}},"114":{"start":{"line":115,"column":0},"end":{"line":115,"column":26}},"115":{"start":{"line":116,"column":0},"end":{"line":116,"column":20}},"116":{"start":{"line":117,"column":0},"end":{"line":117,"column":52}},"117":{"start":{"line":118,"column":0},"end":{"line":118,"column":6}},"119":{"start":{"line":120,"column":0},"end":{"line":120,"column":84}},"120":{"start":{"line":121,"column":0},"end":{"line":121,"column":80}},"121":{"start":{"line":122,"column":0},"end":{"line":122,"column":90}},"122":{"start":{"line":123,"column":0},"end":{"line":123,"column":76}},"123":{"start":{"line":124,"column":0},"end":{"line":124,"column":98}},"124":{"start":{"line":125,"column":0},"end":{"line":125,"column":93}},"126":{"start":{"line":127,"column":0},"end":{"line":127,"column":31}},"127":{"start":{"line":128,"column":0},"end":{"line":128,"column":22}},"128":{"start":{"line":129,"column":0},"end":{"line":129,"column":23}},"129":{"start":{"line":130,"column":0},"end":{"line":130,"column":32}},"130":{"start":{"line":131,"column":0},"end":{"line":131,"column":85}},"131":{"start":{"line":132,"column":0},"end":{"line":132,"column":87}},"132":{"start":{"line":133,"column":0},"end":{"line":133,"column":74}},"133":{"start":{"line":134,"column":0},"end":{"line":134,"column":38}},"134":{"start":{"line":135,"column":0},"end":{"line":135,"column":10}},"135":{"start":{"line":136,"column":0},"end":{"line":136,"column":84}},"136":{"start":{"line":137,"column":0},"end":{"line":137,"column":35}},"137":{"start":{"line":138,"column":0},"end":{"line":138,"column":10}},"138":{"start":{"line":139,"column":0},"end":{"line":139,"column":86}},"139":{"start":{"line":140,"column":0},"end":{"line":140,"column":37}},"140":{"start":{"line":141,"column":0},"end":{"line":141,"column":10}},"141":{"start":{"line":142,"column":0},"end":{"line":142,"column":76}},"142":{"start":{"line":143,"column":0},"end":{"line":143,"column":40}},"143":{"start":{"line":144,"column":0},"end":{"line":144,"column":10}},"144":{"start":{"line":145,"column":0},"end":{"line":145,"column":92}},"145":{"start":{"line":146,"column":0},"end":{"line":146,"column":53}},"146":{"start":{"line":147,"column":0},"end":{"line":147,"column":85}},"147":{"start":{"line":148,"column":0},"end":{"line":148,"column":21}},"148":{"start":{"line":149,"column":0},"end":{"line":149,"column":53}},"149":{"start":{"line":150,"column":0},"end":{"line":150,"column":64}},"150":{"start":{"line":151,"column":0},"end":{"line":151,"column":18}},"151":{"start":{"line":152,"column":0},"end":{"line":152,"column":13}},"152":{"start":{"line":153,"column":0},"end":{"line":153,"column":11}},"153":{"start":{"line":154,"column":0},"end":{"line":154,"column":17}},"154":{"start":{"line":155,"column":0},"end":{"line":155,"column":96}},"155":{"start":{"line":156,"column":0},"end":{"line":156,"column":87}},"156":{"start":{"line":157,"column":0},"end":{"line":157,"column":38}},"157":{"start":{"line":158,"column":0},"end":{"line":158,"column":47}},"158":{"start":{"line":159,"column":0},"end":{"line":159,"column":13}},"159":{"start":{"line":160,"column":0},"end":{"line":160,"column":11}},"160":{"start":{"line":161,"column":0},"end":{"line":161,"column":40}},"161":{"start":{"line":162,"column":0},"end":{"line":162,"column":49}},"162":{"start":{"line":163,"column":0},"end":{"line":163,"column":35}},"163":{"start":{"line":164,"column":0},"end":{"line":164,"column":11}},"164":{"start":{"line":165,"column":0},"end":{"line":165,"column":76}},"165":{"start":{"line":166,"column":0},"end":{"line":166,"column":73}},"166":{"start":{"line":167,"column":0},"end":{"line":167,"column":76}},"167":{"start":{"line":168,"column":0},"end":{"line":168,"column":78}},"168":{"start":{"line":169,"column":0},"end":{"line":169,"column":40}},"169":{"start":{"line":170,"column":0},"end":{"line":170,"column":58}},"170":{"start":{"line":171,"column":0},"end":{"line":171,"column":16}},"171":{"start":{"line":172,"column":0},"end":{"line":172,"column":72}},"172":{"start":{"line":173,"column":0},"end":{"line":173,"column":64}},"173":{"start":{"line":174,"column":0},"end":{"line":174,"column":15}},"174":{"start":{"line":175,"column":0},"end":{"line":175,"column":33}},"175":{"start":{"line":176,"column":0},"end":{"line":176,"column":13}},"176":{"start":{"line":177,"column":0},"end":{"line":177,"column":11}},"177":{"start":{"line":178,"column":0},"end":{"line":178,"column":23}},"178":{"start":{"line":179,"column":0},"end":{"line":179,"column":31}},"179":{"start":{"line":180,"column":0},"end":{"line":180,"column":95}},"180":{"start":{"line":181,"column":0},"end":{"line":181,"column":36}},"181":{"start":{"line":182,"column":0},"end":{"line":182,"column":34}},"182":{"start":{"line":183,"column":0},"end":{"line":183,"column":39}},"183":{"start":{"line":184,"column":0},"end":{"line":184,"column":38}},"184":{"start":{"line":185,"column":0},"end":{"line":185,"column":30}},"185":{"start":{"line":186,"column":0},"end":{"line":186,"column":40}},"186":{"start":{"line":187,"column":0},"end":{"line":187,"column":6}},"188":{"start":{"line":189,"column":0},"end":{"line":189,"column":71}},"189":{"start":{"line":190,"column":0},"end":{"line":190,"column":71}},"190":{"start":{"line":191,"column":0},"end":{"line":191,"column":71}},"191":{"start":{"line":192,"column":0},"end":{"line":192,"column":73}},"192":{"start":{"line":193,"column":0},"end":{"line":193,"column":45}},"193":{"start":{"line":194,"column":0},"end":{"line":194,"column":45}},"194":{"start":{"line":195,"column":0},"end":{"line":195,"column":15}},"195":{"start":{"line":196,"column":0},"end":{"line":196,"column":16}},"196":{"start":{"line":197,"column":0},"end":{"line":197,"column":18}},"197":{"start":{"line":198,"column":0},"end":{"line":198,"column":58}},"198":{"start":{"line":199,"column":0},"end":{"line":199,"column":71}},"199":{"start":{"line":200,"column":0},"end":{"line":200,"column":69}},"200":{"start":{"line":201,"column":0},"end":{"line":201,"column":17}},"201":{"start":{"line":202,"column":0},"end":{"line":202,"column":29}},"202":{"start":{"line":203,"column":0},"end":{"line":203,"column":99}},"203":{"start":{"line":204,"column":0},"end":{"line":204,"column":6}},"205":{"start":{"line":206,"column":0},"end":{"line":206,"column":70}},"206":{"start":{"line":207,"column":0},"end":{"line":207,"column":72}},"207":{"start":{"line":208,"column":0},"end":{"line":208,"column":67}},"208":{"start":{"line":209,"column":0},"end":{"line":209,"column":72}},"209":{"start":{"line":210,"column":0},"end":{"line":210,"column":71}},"210":{"start":{"line":211,"column":0},"end":{"line":211,"column":69}},"211":{"start":{"line":212,"column":0},"end":{"line":212,"column":35}},"212":{"start":{"line":213,"column":0},"end":{"line":213,"column":9}},"213":{"start":{"line":214,"column":0},"end":{"line":214,"column":54}},"214":{"start":{"line":215,"column":0},"end":{"line":215,"column":20}},"215":{"start":{"line":216,"column":0},"end":{"line":216,"column":37}},"216":{"start":{"line":217,"column":0},"end":{"line":217,"column":81}},"217":{"start":{"line":218,"column":0},"end":{"line":218,"column":14}},"218":{"start":{"line":219,"column":0},"end":{"line":219,"column":9}},"219":{"start":{"line":220,"column":0},"end":{"line":220,"column":17}},"220":{"start":{"line":221,"column":0},"end":{"line":221,"column":33}},"221":{"start":{"line":222,"column":0},"end":{"line":222,"column":76}},"222":{"start":{"line":223,"column":0},"end":{"line":223,"column":10}},"223":{"start":{"line":224,"column":0},"end":{"line":224,"column":5}},"225":{"start":{"line":226,"column":0},"end":{"line":226,"column":73}},"226":{"start":{"line":227,"column":0},"end":{"line":227,"column":73}},"227":{"start":{"line":228,"column":0},"end":{"line":228,"column":23}},"228":{"start":{"line":229,"column":0},"end":{"line":229,"column":62}},"229":{"start":{"line":230,"column":0},"end":{"line":230,"column":31}},"230":{"start":{"line":231,"column":0},"end":{"line":231,"column":77}},"231":{"start":{"line":232,"column":0},"end":{"line":232,"column":6}},"233":{"start":{"line":234,"column":0},"end":{"line":234,"column":59}},"234":{"start":{"line":235,"column":0},"end":{"line":235,"column":76}},"235":{"start":{"line":236,"column":0},"end":{"line":236,"column":79}},"236":{"start":{"line":237,"column":0},"end":{"line":237,"column":79}},"237":{"start":{"line":238,"column":0},"end":{"line":238,"column":31}},"238":{"start":{"line":239,"column":0},"end":{"line":239,"column":55}},"239":{"start":{"line":240,"column":0},"end":{"line":240,"column":70}},"240":{"start":{"line":241,"column":0},"end":{"line":241,"column":10}},"241":{"start":{"line":242,"column":0},"end":{"line":242,"column":6}},"243":{"start":{"line":244,"column":0},"end":{"line":244,"column":40}},"244":{"start":{"line":245,"column":0},"end":{"line":245,"column":1}},"246":{"start":{"line":247,"column":0},"end":{"line":247,"column":31}},"248":{"start":{"line":249,"column":0},"end":{"line":249,"column":50}},"249":{"start":{"line":250,"column":0},"end":{"line":250,"column":70}},"250":{"start":{"line":251,"column":0},"end":{"line":251,"column":72}},"251":{"start":{"line":252,"column":0},"end":{"line":252,"column":89}},"252":{"start":{"line":253,"column":0},"end":{"line":253,"column":84}},"253":{"start":{"line":254,"column":0},"end":{"line":254,"column":6}},"254":{"start":{"line":255,"column":0},"end":{"line":255,"column":59}},"255":{"start":{"line":256,"column":0},"end":{"line":256,"column":34}},"256":{"start":{"line":257,"column":0},"end":{"line":257,"column":30}},"257":{"start":{"line":258,"column":0},"end":{"line":258,"column":7}},"258":{"start":{"line":259,"column":0},"end":{"line":259,"column":16}},"259":{"start":{"line":260,"column":0},"end":{"line":260,"column":15}},"260":{"start":{"line":261,"column":0},"end":{"line":261,"column":5}},"261":{"start":{"line":262,"column":0},"end":{"line":262,"column":9}},"262":{"start":{"line":263,"column":0},"end":{"line":263,"column":59}},"263":{"start":{"line":264,"column":0},"end":{"line":264,"column":17}},"264":{"start":{"line":265,"column":0},"end":{"line":265,"column":41}},"265":{"start":{"line":266,"column":0},"end":{"line":266,"column":61}},"266":{"start":{"line":267,"column":0},"end":{"line":267,"column":81}},"267":{"start":{"line":268,"column":0},"end":{"line":268,"column":5}},"268":{"start":{"line":269,"column":0},"end":{"line":269,"column":1}},"270":{"start":{"line":271,"column":0},"end":{"line":271,"column":59}},"271":{"start":{"line":272,"column":0},"end":{"line":272,"column":34}},"272":{"start":{"line":273,"column":0},"end":{"line":273,"column":67}},"273":{"start":{"line":274,"column":0},"end":{"line":274,"column":39}},"274":{"start":{"line":275,"column":0},"end":{"line":275,"column":101}},"275":{"start":{"line":276,"column":0},"end":{"line":276,"column":10}},"276":{"start":{"line":277,"column":0},"end":{"line":277,"column":15}},"277":{"start":{"line":278,"column":0},"end":{"line":278,"column":5}},"278":{"start":{"line":279,"column":0},"end":{"line":279,"column":54}},"279":{"start":{"line":280,"column":0},"end":{"line":280,"column":39}},"280":{"start":{"line":281,"column":0},"end":{"line":281,"column":157}},"281":{"start":{"line":282,"column":0},"end":{"line":282,"column":10}},"282":{"start":{"line":283,"column":0},"end":{"line":283,"column":15}},"283":{"start":{"line":284,"column":0},"end":{"line":284,"column":5}},"284":{"start":{"line":285,"column":0},"end":{"line":285,"column":45}},"285":{"start":{"line":286,"column":0},"end":{"line":286,"column":9}},"286":{"start":{"line":287,"column":0},"end":{"line":287,"column":41}},"287":{"start":{"line":288,"column":0},"end":{"line":288,"column":13}},"288":{"start":{"line":289,"column":0},"end":{"line":289,"column":63}},"289":{"start":{"line":290,"column":0},"end":{"line":290,"column":34}},"290":{"start":{"line":291,"column":0},"end":{"line":291,"column":60}},"291":{"start":{"line":292,"column":0},"end":{"line":292,"column":14}},"292":{"start":{"line":293,"column":0},"end":{"line":293,"column":41}},"293":{"start":{"line":294,"column":0},"end":{"line":294,"column":99}},"294":{"start":{"line":295,"column":0},"end":{"line":295,"column":21}},"295":{"start":{"line":296,"column":0},"end":{"line":296,"column":75}},"296":{"start":{"line":297,"column":0},"end":{"line":297,"column":27}},"297":{"start":{"line":298,"column":0},"end":{"line":298,"column":49}},"298":{"start":{"line":299,"column":0},"end":{"line":299,"column":17}},"299":{"start":{"line":300,"column":0},"end":{"line":300,"column":13}},"300":{"start":{"line":301,"column":0},"end":{"line":301,"column":10}},"301":{"start":{"line":302,"column":0},"end":{"line":302,"column":71}},"302":{"start":{"line":303,"column":0},"end":{"line":303,"column":45}},"303":{"start":{"line":304,"column":0},"end":{"line":304,"column":66}},"304":{"start":{"line":305,"column":0},"end":{"line":305,"column":36}},"305":{"start":{"line":306,"column":0},"end":{"line":306,"column":30}},"306":{"start":{"line":307,"column":0},"end":{"line":307,"column":10}},"307":{"start":{"line":308,"column":0},"end":{"line":308,"column":44}},"308":{"start":{"line":309,"column":0},"end":{"line":309,"column":45}},"309":{"start":{"line":310,"column":0},"end":{"line":310,"column":9}},"310":{"start":{"line":311,"column":0},"end":{"line":311,"column":17}},"311":{"start":{"line":312,"column":0},"end":{"line":312,"column":54}},"313":{"start":{"line":314,"column":0},"end":{"line":314,"column":92}},"314":{"start":{"line":315,"column":0},"end":{"line":315,"column":43}},"315":{"start":{"line":316,"column":0},"end":{"line":316,"column":19}},"316":{"start":{"line":317,"column":0},"end":{"line":317,"column":9}},"318":{"start":{"line":319,"column":0},"end":{"line":319,"column":49}},"319":{"start":{"line":320,"column":0},"end":{"line":320,"column":56}},"320":{"start":{"line":321,"column":0},"end":{"line":321,"column":43}},"321":{"start":{"line":322,"column":0},"end":{"line":322,"column":76}},"322":{"start":{"line":323,"column":0},"end":{"line":323,"column":14}},"323":{"start":{"line":324,"column":0},"end":{"line":324,"column":19}},"324":{"start":{"line":325,"column":0},"end":{"line":325,"column":9}},"326":{"start":{"line":327,"column":0},"end":{"line":327,"column":29}},"327":{"start":{"line":328,"column":0},"end":{"line":328,"column":49}},"328":{"start":{"line":329,"column":0},"end":{"line":329,"column":43}},"329":{"start":{"line":330,"column":0},"end":{"line":330,"column":81}},"330":{"start":{"line":331,"column":0},"end":{"line":331,"column":14}},"331":{"start":{"line":332,"column":0},"end":{"line":332,"column":19}},"332":{"start":{"line":333,"column":0},"end":{"line":333,"column":9}},"334":{"start":{"line":335,"column":0},"end":{"line":335,"column":110}},"335":{"start":{"line":336,"column":0},"end":{"line":336,"column":57}},"336":{"start":{"line":337,"column":0},"end":{"line":337,"column":59}},"337":{"start":{"line":338,"column":0},"end":{"line":338,"column":53}},"338":{"start":{"line":339,"column":0},"end":{"line":339,"column":24}},"339":{"start":{"line":340,"column":0},"end":{"line":340,"column":21}},"340":{"start":{"line":341,"column":0},"end":{"line":341,"column":64}},"341":{"start":{"line":342,"column":0},"end":{"line":342,"column":25}},"342":{"start":{"line":343,"column":0},"end":{"line":343,"column":50}},"343":{"start":{"line":344,"column":0},"end":{"line":344,"column":17}},"344":{"start":{"line":345,"column":0},"end":{"line":345,"column":13}},"345":{"start":{"line":346,"column":0},"end":{"line":346,"column":43}},"346":{"start":{"line":347,"column":0},"end":{"line":347,"column":115}},"347":{"start":{"line":348,"column":0},"end":{"line":348,"column":14}},"348":{"start":{"line":349,"column":0},"end":{"line":349,"column":19}},"349":{"start":{"line":350,"column":0},"end":{"line":350,"column":9}},"351":{"start":{"line":352,"column":0},"end":{"line":352,"column":111}},"352":{"start":{"line":353,"column":0},"end":{"line":353,"column":52}},"353":{"start":{"line":354,"column":0},"end":{"line":354,"column":72}},"354":{"start":{"line":355,"column":0},"end":{"line":355,"column":62}},"355":{"start":{"line":356,"column":0},"end":{"line":356,"column":43}},"356":{"start":{"line":357,"column":0},"end":{"line":357,"column":75}},"357":{"start":{"line":358,"column":0},"end":{"line":358,"column":14}},"358":{"start":{"line":359,"column":0},"end":{"line":359,"column":19}},"359":{"start":{"line":360,"column":0},"end":{"line":360,"column":9}},"361":{"start":{"line":362,"column":0},"end":{"line":362,"column":81}},"362":{"start":{"line":363,"column":0},"end":{"line":363,"column":83}},"363":{"start":{"line":364,"column":0},"end":{"line":364,"column":78}},"364":{"start":{"line":365,"column":0},"end":{"line":365,"column":83}},"365":{"start":{"line":366,"column":0},"end":{"line":366,"column":82}},"366":{"start":{"line":367,"column":0},"end":{"line":367,"column":84}},"367":{"start":{"line":368,"column":0},"end":{"line":368,"column":42}},"368":{"start":{"line":369,"column":0},"end":{"line":369,"column":70}},"369":{"start":{"line":370,"column":0},"end":{"line":370,"column":10}},"370":{"start":{"line":371,"column":0},"end":{"line":371,"column":30}},"371":{"start":{"line":372,"column":0},"end":{"line":372,"column":70}},"372":{"start":{"line":373,"column":0},"end":{"line":373,"column":90}},"373":{"start":{"line":374,"column":0},"end":{"line":374,"column":54}},"374":{"start":{"line":375,"column":0},"end":{"line":375,"column":30}},"375":{"start":{"line":376,"column":0},"end":{"line":376,"column":174}},"376":{"start":{"line":377,"column":0},"end":{"line":377,"column":31}},"377":{"start":{"line":378,"column":0},"end":{"line":378,"column":112}},"378":{"start":{"line":379,"column":0},"end":{"line":379,"column":32}},"379":{"start":{"line":380,"column":0},"end":{"line":380,"column":107}},"380":{"start":{"line":381,"column":0},"end":{"line":381,"column":36}},"381":{"start":{"line":382,"column":0},"end":{"line":382,"column":130}},"382":{"start":{"line":383,"column":0},"end":{"line":383,"column":39}},"383":{"start":{"line":384,"column":0},"end":{"line":384,"column":129}},"384":{"start":{"line":385,"column":0},"end":{"line":385,"column":30}},"385":{"start":{"line":386,"column":0},"end":{"line":386,"column":90}},"386":{"start":{"line":387,"column":0},"end":{"line":387,"column":14}},"387":{"start":{"line":388,"column":0},"end":{"line":388,"column":84}},"388":{"start":{"line":389,"column":0},"end":{"line":389,"column":68}},"389":{"start":{"line":390,"column":0},"end":{"line":390,"column":43}},"390":{"start":{"line":391,"column":0},"end":{"line":391,"column":121}},"391":{"start":{"line":392,"column":0},"end":{"line":392,"column":14}},"392":{"start":{"line":393,"column":0},"end":{"line":393,"column":19}},"393":{"start":{"line":394,"column":0},"end":{"line":394,"column":9}},"395":{"start":{"line":396,"column":0},"end":{"line":396,"column":85}},"396":{"start":{"line":397,"column":0},"end":{"line":397,"column":62}},"397":{"start":{"line":398,"column":0},"end":{"line":398,"column":65}},"398":{"start":{"line":399,"column":0},"end":{"line":399,"column":5}},"399":{"start":{"line":400,"column":0},"end":{"line":400,"column":1}},"401":{"start":{"line":402,"column":0},"end":{"line":402,"column":60}},"402":{"start":{"line":403,"column":0},"end":{"line":403,"column":34}},"403":{"start":{"line":404,"column":0},"end":{"line":404,"column":79}},"404":{"start":{"line":405,"column":0},"end":{"line":405,"column":41}},"405":{"start":{"line":406,"column":0},"end":{"line":406,"column":68}},"406":{"start":{"line":407,"column":0},"end":{"line":407,"column":1}},"408":{"start":{"line":409,"column":0},"end":{"line":409,"column":68}},"409":{"start":{"line":410,"column":0},"end":{"line":410,"column":34}},"410":{"start":{"line":411,"column":0},"end":{"line":411,"column":37}},"411":{"start":{"line":412,"column":0},"end":{"line":412,"column":38}},"412":{"start":{"line":413,"column":0},"end":{"line":413,"column":44}},"413":{"start":{"line":414,"column":0},"end":{"line":414,"column":20}},"414":{"start":{"line":415,"column":0},"end":{"line":415,"column":79}},"415":{"start":{"line":416,"column":0},"end":{"line":416,"column":15}},"416":{"start":{"line":417,"column":0},"end":{"line":417,"column":5}},"417":{"start":{"line":418,"column":0},"end":{"line":418,"column":59}},"418":{"start":{"line":419,"column":0},"end":{"line":419,"column":14}},"419":{"start":{"line":420,"column":0},"end":{"line":420,"column":15}},"420":{"start":{"line":421,"column":0},"end":{"line":421,"column":5}},"421":{"start":{"line":422,"column":0},"end":{"line":422,"column":47}},"422":{"start":{"line":423,"column":0},"end":{"line":423,"column":1}},"424":{"start":{"line":425,"column":0},"end":{"line":425,"column":3}},"439":{"start":{"line":440,"column":0},"end":{"line":440,"column":3}},"440":{"start":{"line":441,"column":0},"end":{"line":441,"column":46}},"441":{"start":{"line":442,"column":0},"end":{"line":442,"column":37}},"442":{"start":{"line":443,"column":0},"end":{"line":443,"column":28}},"444":{"start":{"line":445,"column":0},"end":{"line":445,"column":9}},"445":{"start":{"line":446,"column":0},"end":{"line":446,"column":64}},"446":{"start":{"line":447,"column":0},"end":{"line":447,"column":47}},"447":{"start":{"line":448,"column":0},"end":{"line":448,"column":37}},"448":{"start":{"line":449,"column":0},"end":{"line":449,"column":11}},"449":{"start":{"line":450,"column":0},"end":{"line":450,"column":83}},"450":{"start":{"line":451,"column":0},"end":{"line":451,"column":86}},"451":{"start":{"line":452,"column":0},"end":{"line":452,"column":72}},"452":{"start":{"line":453,"column":0},"end":{"line":453,"column":77}},"453":{"start":{"line":454,"column":0},"end":{"line":454,"column":69}},"454":{"start":{"line":455,"column":0},"end":{"line":455,"column":71}},"455":{"start":{"line":456,"column":0},"end":{"line":456,"column":17}},"456":{"start":{"line":457,"column":0},"end":{"line":457,"column":39}},"457":{"start":{"line":458,"column":0},"end":{"line":458,"column":70}},"458":{"start":{"line":459,"column":0},"end":{"line":459,"column":10}},"459":{"start":{"line":460,"column":0},"end":{"line":460,"column":5}},"460":{"start":{"line":461,"column":0},"end":{"line":461,"column":1}},"473":{"start":{"line":474,"column":0},"end":{"line":474,"column":70}},"474":{"start":{"line":475,"column":0},"end":{"line":475,"column":63}},"475":{"start":{"line":476,"column":0},"end":{"line":476,"column":80}},"476":{"start":{"line":477,"column":0},"end":{"line":477,"column":36}},"477":{"start":{"line":478,"column":0},"end":{"line":478,"column":29}},"478":{"start":{"line":479,"column":0},"end":{"line":479,"column":39}},"479":{"start":{"line":480,"column":0},"end":{"line":480,"column":83}},"480":{"start":{"line":481,"column":0},"end":{"line":481,"column":10}},"481":{"start":{"line":482,"column":0},"end":{"line":482,"column":15}},"482":{"start":{"line":483,"column":0},"end":{"line":483,"column":5}},"483":{"start":{"line":484,"column":0},"end":{"line":484,"column":62}},"484":{"start":{"line":485,"column":0},"end":{"line":485,"column":39}},"485":{"start":{"line":486,"column":0},"end":{"line":486,"column":35}},"486":{"start":{"line":487,"column":0},"end":{"line":487,"column":16}},"487":{"start":{"line":488,"column":0},"end":{"line":488,"column":24}},"488":{"start":{"line":489,"column":0},"end":{"line":489,"column":73}},"489":{"start":{"line":490,"column":0},"end":{"line":490,"column":68}},"490":{"start":{"line":491,"column":0},"end":{"line":491,"column":17}},"491":{"start":{"line":492,"column":0},"end":{"line":492,"column":20}},"492":{"start":{"line":493,"column":0},"end":{"line":493,"column":10}},"493":{"start":{"line":494,"column":0},"end":{"line":494,"column":7}},"494":{"start":{"line":495,"column":0},"end":{"line":495,"column":59}},"495":{"start":{"line":496,"column":0},"end":{"line":496,"column":53}},"496":{"start":{"line":497,"column":0},"end":{"line":497,"column":29}},"497":{"start":{"line":498,"column":0},"end":{"line":498,"column":7}},"498":{"start":{"line":499,"column":0},"end":{"line":499,"column":16}},"499":{"start":{"line":500,"column":0},"end":{"line":500,"column":15}},"500":{"start":{"line":501,"column":0},"end":{"line":501,"column":5}},"501":{"start":{"line":502,"column":0},"end":{"line":502,"column":27}},"502":{"start":{"line":503,"column":0},"end":{"line":503,"column":77}},"503":{"start":{"line":504,"column":0},"end":{"line":504,"column":62}},"504":{"start":{"line":505,"column":0},"end":{"line":505,"column":131}},"505":{"start":{"line":506,"column":0},"end":{"line":506,"column":28}},"506":{"start":{"line":507,"column":0},"end":{"line":507,"column":26}},"507":{"start":{"line":508,"column":0},"end":{"line":508,"column":10}},"508":{"start":{"line":509,"column":0},"end":{"line":509,"column":41}},"509":{"start":{"line":510,"column":0},"end":{"line":510,"column":49}},"510":{"start":{"line":511,"column":0},"end":{"line":511,"column":48}},"511":{"start":{"line":512,"column":0},"end":{"line":512,"column":40}},"512":{"start":{"line":513,"column":0},"end":{"line":513,"column":14}},"513":{"start":{"line":514,"column":0},"end":{"line":514,"column":19}},"514":{"start":{"line":515,
[...]
":90,"column":57}},"90":{"start":{"line":91,"column":0},"end":{"line":91,"column":40}},"91":{"start":{"line":92,"column":0},"end":{"line":92,"column":42}},"92":{"start":{"line":93,"column":0},"end":{"line":93,"column":144}},"93":{"start":{"line":94,"column":0},"end":{"line":94,"column":25}},"94":{"start":{"line":95,"column":0},"end":{"line":95,"column":14}},"95":{"start":{"line":96,"column":0},"end":{"line":96,"column":45}},"96":{"start":{"line":97,"column":0},"end":{"line":97,"column":67}},"97":{"start":{"line":98,"column":0},"end":{"line":98,"column":53}},"98":{"start":{"line":99,"column":0},"end":{"line":99,"column":40}},"99":{"start":{"line":100,"column":0},"end":{"line":100,"column":40}},"100":{"start":{"line":101,"column":0},"end":{"line":101,"column":113}},"101":{"start":{"line":102,"column":0},"end":{"line":102,"column":25}},"102":{"start":{"line":103,"column":0},"end":{"line":103,"column":14}},"103":{"start":{"line":104,"column":0},"end":{"line":104,"column":57}},"104":{"start":{"line":105,"column":0},"end":{"line":105,"column":50}},"105":{"start":{"line":106,"column":0},"end":{"line":106,"column":14}},"106":{"start":{"line":107,"column":0},"end":{"line":107,"column":16}},"107":{"start":{"line":108,"column":0},"end":{"line":108,"column":52}},"108":{"start":{"line":109,"column":0},"end":{"line":109,"column":40}},"109":{"start":{"line":110,"column":0},"end":{"line":110,"column":33}},"110":{"start":{"line":111,"column":0},"end":{"line":111,"column":82}},"111":{"start":{"line":112,"column":0},"end":{"line":112,"column":25}},"112":{"start":{"line":113,"column":0},"end":{"line":113,"column":14}},"113":{"start":{"line":114,"column":0},"end":{"line":114,"column":45}},"114":{"start":{"line":115,"column":0},"end":{"line":115,"column":9}},"115":{"start":{"line":116,"column":0},"end":{"line":116,"column":20}},"116":{"start":{"line":117,"column":0},"end":{"line":117,"column":6}},"118":{"start":{"line":119,"column":0},"end":{"line":119,"column":14}},"119":{"start":{"line":120,"column":0},"end":{"line":120,"column":46}},"120":{"start":{"line":121,"column":0},"end":{"line":121,"column":13}},"121":{"start":{"line":122,"column":0},"end":{"line":122,"column":59}},"122":{"start":{"line":123,"column":0},"end":{"line":123,"column":43}},"123":{"start":{"line":124,"column":0},"end":{"line":124,"column":6}},"124":{"start":{"line":125,"column":0},"end":{"line":125,"column":23}},"125":{"start":{"line":126,"column":0},"end":{"line":126,"column":1}},"127":{"start":{"line":128,"column":0},"end":{"line":128,"column":3}},"132":{"start":{"line":133,"column":0},"end":{"line":133,"column":3}},"133":{"start":{"line":134,"column":0},"end":{"line":134,"column":22}},"134":{"start":{"line":135,"column":0},"end":{"line":135,"column":21}},"135":{"start":{"line":136,"column":0},"end":{"line":136,"column":18}},"136":{"start":{"line":137,"column":0},"end":{"line":137,"column":41}},"138":{"start":{"line":139,"column":0},"end":{"line":139,"column":58}},"139":{"start":{"line":140,"column":0},"end":{"line":140,"column":24}},"140":{"start":{"line":141,"column":0},"end":{"line":141,"column":32}},"141":{"start":{"line":142,"column":0},"end":{"line":142,"column":58}},"142":{"start":{"line":143,"column":0},"end":{"line":143,"column":61}},"143":{"start":{"line":144,"column":0},"end":{"line":144,"column":38}},"144":{"start":{"line":145,"column":0},"end":{"line":145,"column":33}},"145":{"start":{"line":146,"column":0},"end":{"line":146,"column":22}},"146":{"start":{"line":147,"column":0},"end":{"line":147,"column":81}},"147":{"start":{"line":148,"column":0},"end":{"line":148,"column":84}},"148":{"start":{"line":149,"column":0},"end":{"line":149,"column":81}},"149":{"start":{"line":150,"column":0},"end":{"line":150,"column":88}},"150":{"start":{"line":151,"column":0},"end":{"line":151,"column":45}},"151":{"start":{"line":152,"column":0},"end":{"line":152,"column":6}},"152":{"start":{"line":153,"column":0},"end":{"line":153,"column":19}},"153":{"start":{"line":154,"column":0},"end":{"line":154,"column":68}},"154":{"start":{"line":155,"column":0},"end":{"line":155,"column":26}},"155":{"start":{"line":156,"column":0},"end":{"line":156,"column":171}},"156":{"start":{"line":157,"column":0},"end":{"line":157,"column":101}},"157":{"start":{"line":158,"column":0},"end":{"line":158,"column":123}},"158":{"start":{"line":159,"column":0},"end":{"line":159,"column":10}},"159":{"start":{"line":160,"column":0},"end":{"line":160,"column":5}},"160":{"start":{"line":161,"column":0},"end":{"line":161,"column":14}},"161":{"start":{"line":162,"column":0},"end":{"line":162,"column":1}}},"s":{"0":0,"1":0,"2":0,"4":0,"38":0,"40":0,"41":0,"42":0,"43":0,"44":0,"45":0,"47":0,"48":0,"50":0,"51":0,"52":0,"53":0,"54":0,"55":0,"56":0,"58":0,"59":0,"60":0,"61":0,"62":0,"63":0,"64":0,"65":0,"66":0,"67":0,"68":0,"69":0,"70":0,"71":0,"72":0,"73":0,"74":0,"75":0,"76":0,"77":0,"78":0,"79":0,"80":0,"81":0,"82":0,"83":0,"84":0,"85":0,"86":0,"87":0,"88":0,"89":0,"90":0,"91":0,"92":0,"93":0,"94":0,"95":0,"96":0,"97":0,"98":0,"99":0,"100":0,"101":0,"102":0,"103":0,"104":0,"105":0,"106":0,"107":0,"108":0,"109":0,"110":0,"111":0,"112":0,"113":0,"114":0,"115":0,"116":0,"118":0,"119":0,"120":0,"121":0,"122":0,"123":0,"124":0,"125":0,"127":0,"132":0,"133":0,"134":0,"135":0,"136":0,"138":0,"139":0,"140":0,"141":0,"142":0,"143":0,"144":0,"145":0,"146":0,"147":0,"148":0,"149":0,"150":0,"151":0,"152":0,"153":0,"154":0,"155":0,"156":0,"157":0,"158":0,"159":0,"160":0,"161":0},"branchMap":{"0":{"type":"branch","line":1,"loc":{"start":{"line":1,"column":7064},"end":{"line":162,"column":1}},"locations":[{"start":{"line":1,"column":7064},"end":{"line":162,"column":1}}]}},"b":{"0":[0]},"fnMap":{"0":{"name":"(empty-report)","decl":{"start":{"line":1,"column":7064},"end":{"line":162,"column":1}},"loc":{"start":{"line":1,"column":7064},"end":{"line":162,"column":1}},"line":1}},"f":{"0":0}}
,"/Users/dmitrykolomiets/Dev/devcenter/a365-vscode-extension/src/testEvents/store.ts": {"path":"/Users/dmitrykolomiets/Dev/devcenter/a365-vscode-extension/src/testEvents/store.ts","all":false,"statementMap":{"0":{"start":{"line":1,"column":0},"end":{"line":1,"column":33}},"12":{"start":{"line":13,"column":0},"end":{"line":13,"column":63}},"13":{"start":{"line":14,"column":0},"end":{"line":14,"column":75}},"25":{"start":{"line":26,"column":0},"end":{"line":26,"column":61}},"26":{"start":{"line":27,"column":0},"end":{"line":27,"column":66}},"33":{"start":{"line":34,"column":0},"end":{"line":34,"column":45}},"34":{"start":{"line":35,"column":0},"end":{"line":35,"column":44}},"35":{"start":{"line":36,"column":0},"end":{"line":36,"column":1}},"37":{"start":{"line":38,"column":0},"end":{"line":38,"column":26}},"38":{"start":{"line":39,"column":0},"end":{"line":39,"column":33}},"39":{"start":{"line":40,"column":0},"end":{"line":40,"column":21}},"40":{"start":{"line":41,"column":0},"end":{"line":41,"column":31}},"41":{"start":{"line":42,"column":0},"end":{"line":42,"column":72}},"42":{"start":{"line":43,"column":0},"end":{"line":43,"column":42}},"43":{"start":{"line":44,"column":0},"end":{"line":44,"column":25}},"44":{"start":{"line":45,"column":0},"end":{"line":45,"column":5}},"45":{"start":{"line":46,"column":0},"end":{"line":46,"column":64}},"46":{"start":{"line":47,"column":0},"end":{"line":47,"column":25}},"47":{"start":{"line":48,"column":0},"end":{"line":48,"column":5}},"48":{"start":{"line":49,"column":0},"end":{"line":49,"column":15}},"49":{"start":{"line":50,"column":0},"end":{"line":50,"column":1}},"51":{"start":{"line":52,"column":0},"end":{"line":52,"column":33}},"52":{"start":{"line":53,"column":0},"end":{"line":53,"column":33}},"53":{"start":{"line":54,"column":0},"end":{"line":54,"column":21}},"54":{"start":{"line":55,"column":0},"end":{"line":55,"column":26}},"55":{"start":{"line":56,"column":0},"end":{"line":56,"column":18}},"56":{"start":{"line":57,"column":0},"end":{"line":57,"column":60}},"57":{"start":{"line":58,"column":0},"end":{"line":58,"column":38}},"58":{"start":{"line":59,"column":0},"end":{"line":59,"column":1}},"60":{"start":{"line":61,"column":0},"end":{"line":61,"column":34}},"61":{"start":{"line":62,"column":0},"end":{"line":62,"column":33}},"62":{"start":{"line":63,"column":0},"end":{"line":63,"column":21}},"63":{"start":{"line":64,"column":0},"end":{"line":64,"column":22}},"64":{"start":{"line":65,"column":0},"end":{"line":65,"column":40}},"65":{"start":{"line":66,"column":0},"end":{"line":66,"column":43}},"66":{"start":{"line":67,"column":0},"end":{"line":67,"column":17}},"67":{"start":{"line":68,"column":0},"end":{"line":68,"column":25}},"68":{"start":{"line":69,"column":0},"end":{"line":69,"column":5}},"69":{"start":{"line":70,"column":0},"end":{"line":70,"column":39}},"70":{"start":{"line":71,"column":0},"end":{"line":71,"column":21}},"71":{"start":{"line":72,"column":0},"end":{"line":72,"column":5}},"72":{"start":{"line":73,"column":0},"end":{"line":73,"column":35}},"73":{"start":{"line":74,"column":0},"end":{"line":74,"column":47}},"74":{"start":{"line":75,"column":0},"end":{"line":75,"column":36}},"75":{"start":{"line":76,"column":0},"end":{"line":76,"column":5}},"76":{"start":{"line":77,"column":0},"end":{"line":77,"column":48}},"77":{"start":{"line":78,"column":0},"end":{"line":78,"column":66}},"78":{"start":{"line":79,"column":0},"end":{"line":79,"column":68}},"79":{"start":{"line":80,"column":0},"end":{"line":80,"column":42}},"80":{"start":{"line":81,"column":0},"end":{"line":81,"column":25}},"81":{"start":{"line":82,"column":0},"end":{"line":82,"column":5}},"82":{"start":{"line":83,"column":0},"end":{"line":83,"column":43}},"83":{"start":{"line":84,"column":0},"end":{"line":84,"column":17}},"84":{"start":{"line":85,"column":0},"end":{"line":85,"column":1}},"86":{"start":{"line":87,"column":0},"end":{"line":87,"column":27}},"87":{"start":{"line":88,"column":0},"end":{"line":88,"column":33}},"88":{"start":{"line":89,"column":0},"end":{"line":89,"column":21}},"89":{"start":{"line":90,"column":0},"end":{"line":90,"column":13}},"90":{"start":{"line":91,"column":0},"end":{"line":91,"column":43}},"91":{"start":{"line":92,"column":0},"end":{"line":92,"column":17}},"92":{"start":{"line":93,"column":0},"end":{"line":93,"column":18}},"93":{"start":{"line":94,"column":0},"end":{"line":94,"column":5}},"94":{"start":{"line":95,"column":0},"end":{"line":95,"column":44}},"95":{"start":{"line":96,"column":0},"end":{"line":96,"column":1}},"97":{"start":{"line":98,"column":0},"end":{"line":98,"column":33}},"98":{"start":{"line":99,"column":0},"end":{"line":99,"column":33}},"99":{"start":{"line":100,"column":0},"end":{"line":100,"column":21}},"100":{"start":{"line":101,"column":0},"end":{"line":101,"column":22}},"101":{"start":{"line":102,"column":0},"end":{"line":102,"column":18}},"102":{"start":{"line":103,"column":0},"end":{"line":103,"column":43}},"103":{"start":{"line":104,"column":0},"end":{"line":104,"column":49}},"104":{"start":{"line":105,"column":0},"end":{"line":105,"column":55}},"105":{"start":{"line":106,"column":0},"end":{"line":106,"column":5}},"106":{"start":{"line":107,"column":0},"end":{"line":107,"column":39}},"107":{"start":{"line":108,"column":0},"end":{"line":108,"column":43}},"108":{"start":{"line":109,"column":0},"end":{"line":109,"column":1}},"110":{"start":{"line":111,"column":0},"end":{"line":111,"column":27}},"111":{"start":{"line":112,"column":0},"end":{"line":112,"column":33}},"112":{"start":{"line":113,"column":0},"end":{"line":113,"column":21}},"113":{"start":{"line":114,"column":0},"end":{"line":114,"column":11}},"114":{"start":{"line":115,"column":0},"end":{"line":115,"column":44}},"115":{"start":{"line":116,"column":0},"end":{"line":116,"column":1}},"125":{"start":{"line":126,"column":0},"end":{"line":126,"column":30}},"126":{"start":{"line":127,"column":0},"end":{"line":127,"column":33}},"127":{"start":{"line":128,"column":0},"end":{"line":128,"column":21}},"128":{"start":{"line":129,"column":0},"end":{"line":129,"column":12}},"129":{"start":{"line":130,"column":0},"end":{"line":130,"column":83}},"130":{"start":{"line":131,"column":0},"end":{"line":131,"column":1}},"132":{"start":{"line":133,"column":0},"end":{"line":133,"column":32}},"133":{"start":{"line":134,"column":0},"end":{"line":134,"column":33}},"134":{"start":{"line":135,"column":0},"end":{"line":135,"column":21}},"135":{"start":{"line":136,"column":0},"end":{"line":136,"column":19}},"136":{"start":{"line":137,"column":0},"end":{"line":137,"column":74}},"137":{"start":{"line":138,"column":0},"end":{"line":138,"column":1}}},"s":{"0":1,"12":1,"13":1,"25":1,"26":1,"33":21,"34":21,"35":21,"37":1,"38":15,"39":15,"40":15,"41":15,"42":15,"43":5,"44":5,"45":15,"46":1,"47":1,"48":9,"49":9,"51":5,"52":5,"53":5,"54":5,"55":5,"56":5,"57":5,"58":5,"60":5,"61":5,"62":5,"63":5,"64":5,"65":5,"66":5,"67":1,"68":1,"69":5,"70":1,"71":1,"72":3,"73":5,"74":1,"75":1,"76":3,"77":5,"78":1,"79":1,"80":1,"81":1,"82":2,"83":2,"84":2,"86":1,"87":4,"88":4,"89":4,"90":4,"91":4,"92":2,"93":2,"94":2,"95":2,"97":2,"98":2,"99":2,"100":2,"101":2,"102":2,"103":2,"104":1,"105":1,"106":1,"107":1,"108":1,"110":1,"111":2,"112":2,"113":2,"114":2,"115":2,"125":1,"126":2,"127":2,"128":2,"129":2,"130":2,"132":1,"133":1,"134":1,"135":1,"136":1,"137":1},"branchMap":{"0":{"type":"branch","line":34,"loc":{"start":{"line":34,"column":0},"end":{"line":36,"column":1}},"locations":[{"start":{"line":34,"column":0},"end":{"line":36,"column":1}}]},"1":{"type":"branch","line":38,"loc":{"start":{"line":38,"column":7},"end":{"line":50,"column":1}},"locations":[{"start":{"line":38,"column":7},"end":{"line":50,"column":1}}]},"2":{"type":"branch","line":43,"loc":{"start":{"line":43,"column":9},"end":{"line":43,"column":41}},"locations":[{"start":{"line":43,"column":9},"end":{"line":43,"column":41}}]},"3":{"type":"branch","line":43,"loc":{"start":{"line":43,"column":41},"end":{"line":45,"column":5}},"locations":[{"start":{"line":43,"column":41},"end":{"line":45,"column":5}}]},"4":{"type":"branch","line":45,"loc":{"start":{"line":45,"column":4},"end":{"line":46,"column":42}},"locations":[{"start":{"line":45,"column":4},"end":{"line":46,"column":42}}]},"5":{"type":"branch","line":46,"loc":{"start":{"line":46,"column":30},"end":{"line":46,"column":63}},"locations":[{"start":{"line":46,"column":30},"end":{"line":46,"column":63}}]},"6":{"type":"branch","line":46,"loc":{"start":{"line":46,"column":63},"end":{"line":48,"column":5}},"locations":[{"start":{"line":46,"column":63},"end":{"line":48,"column":5}}]},"7":{"type":"branch","line":48,"loc":{"start":{"line":48,"column":4},"end":{"line":50,"column":1}},"locations":[{"start":{"line":48,"column":4},"end":{"line":50,"column":1}}]},"8":{"type":"branch","line":52,"loc":{"start":{"line":52,"column":0},"end":{"line":59,"column":1}},"locations":[{"start":{"line":52,"column":0},"end":{"line":59,"column":1}}]},"9":{"type":"branch","line":61,"loc":{"start":{"line":61,"column":0},"end":{"line":85,"column":1}},"locations":[{"start":{"line":61,"column":0},"end":{"line":85,"column":1}}]},"10":{"type":"branch","line":67,"loc":{"start":{"line":67,"column":16},"end":{"line":69,"column":5}},"locations":[{"start":{"line":67,"column":16},"end":{"line":69,"column":5}}]},"11":{"type":"branch","line":69,"loc":{"start":{"line":69,"column":4},"end":{"line":70,"column":38}},"locations":[{"start":{"line":69,"column":4},"end":{"line":70,"column":38}}]},"12":{"type":"branch","line":70,"loc":{"start":{"line":70,"column":38},"end":{"line":72,"column":5}},"locations":[{"start":{"line":70,"column":38},"end":{"line":72,"column":5}}]},"13":{"type":"branch","line":72,"loc":{"start":{"line":72,"column":4},"end":{"line":74,"column":46}},"locations":[{"start":{"line":72,"column":4},"end":{"line":74,"column":46}}]},"14":{"type":"branch","line":74,"loc":{"start":{"line":74,"column":46},"end":{"line":76,"column":5}},"locations":[{"start":{"line":74,"column":46},"end":{"line":76,"column":5}}]},"15":{"type":"branch","line":76,"loc":{"start":{"line":76,"column":4},"end":{"line":78,"column":34}},"locations":[{"start":{"line":76,"column":4},"end":{"line":78,"column":34}}]},"16":{"type":"branch","line":78,"loc":{"start":{"line":78,"column":29},"end":{"line":78,"column":65}},"locations":[{"start":{"line":78,"column":29},"end":{"line":78,"column":65}}]},"17":{"type":"branch","line":78,"loc":{"start":{"line":78,"column":65},"end":{"line":82,"column":5}},"locations":[{"start":{"line":78,"column":65},"end":{"line":82,"column":5}}]},"18":{"type":"branch","line":82,"loc":{"start":{"line":82,"column":4},"end":{"line":85,"column":1}},"locations":[{"start":{"line":82,"column":4},"end":{"line":85,"column":1}}]},"19":{"type":"branch","line":87,"loc":{"start":{"line":87,"column":7},"end":{"line":96,"column":1}},"locations":[{"start":{"line":87,"column":7},"end":{"line":96,"column":1}}]},"20":{"type":"branch","line":92,"loc":{"start":{"line":92,"column":16},"end":{"line":96,"column":1}},"locations":[{"start":{"line":92,"column":16},"end":{"line":96,"column":1}}]},"21":{"type":"branch","line":98,"loc":{"start":{"line":98,"column":0},"end":{"line":109,"column":1}},"locations":[{"start":{"line":98,"column":0},"end":{"line":109,"column":1}}]},"22":{"type":"branch","line":104,"loc":{"start":{"line":104,"column":9},"end":{"line":104,"column":48}},"locations":[{"start":{"line":104,"column":9},"end":{"line":104,"column":48}}]},"23":{"type":"branch","line":104,"loc":{"start":{"line":104,"column":48},"end":{"line":109,"column":1}},"locations":[{"start":{"line":104,"column":48},"end":{"line":109,"column":1}}]},"24":{"type":"branch","line":111,"loc":{"start":{"line":111,"column":7},"end":{"line":116,"column":1}},"locations":[{"start":{"line":111,"column":7},"end":{"line":116,"column":1}}]},"25":{"type":"branch","line":126,"loc":{"start":{"line":126,"column":7},"end":{"line":131,"column":1}},"locations":[{"start":{"line":126,"column":7},"end":{"line":131,"column":1}}]},"26":{"type":"branch","line":133,"loc":{"start":{"line":133,"column":7},"end":{"line":138,"column":1}},"locations":[{"start":{"line":133,"column":7},"end":{"line":138,"column":1}}]}},"b":{"0":[21],"1":[15],"2":[10],"3":[5],"4":[10],"5":[9],"6":[1],"7":[9],"8":[5],"9":[5],"10":[1],"11":[4],"12":[1],"13":[3],"14":[1],"15":[3],"16":[1],"17":[1],"18":[2],"19":[4],"20":[2],"21":[2],"22":[1],"23":[1],"24":[2],"25":[2],"26":[1]},"fnMap":{"0":{"name":"storeKey","decl":{"start":{"line":34,"column":0},"end":{"line":36,"column":1}},"loc":{"start":{"line":34,"column":0},"end":{"line":36,"column":1}},"line":34},"1":{"name":"readStore","decl":{"start":{"line":38,"column":7},"end":{"line":50,"column":1}},"loc":{"start":{"line":38,"column":7},"end":{"line":50,"column":1}},"line":38},"2":{"name":"writeStore","decl":{"start":{"line":52,"column":0},"end":{"line":59,"column":1}},"loc":{"start":{"line":52,"column":0},"end":{"line":59,"column":1}},"line":52},"3":{"name":"deleteEvent","decl":{"start":{"line":61,"column":0},"end":{"line":85,"column":1}},"loc":{"start":{"line":61,"column":0},"end":{"line":85,"column":1}},"line":61},"4":{"name":"listEvents","decl":{"start":{"line":87,"column":7},"end":{"line":96,"column":1}},"loc":{"start":{"line":87,"column":7},"end":{"line":96,"column":1}},"line":87},"5":{"name":"setDefault","decl":{"start":{"line":98,"column":0},"end":{"line":109,"column":1}},"loc":{"start":{"line":98,"column":0},"end":{"line":109,"column":1}},"line":98},"6":{"name":"eventCount","decl":{"start":{"line":111,"column":7},"end":{"line":116,"column":1}},"loc":{"start":{"line":111,"column":7},"end":{"line":116,"column":1}},"line":111},"7":{"name":"isBloatWarned","decl":{"start":{"line":126,"column":7},"end":{"line":131,"column":1}},"loc":{"start":{"line":126,"column":7},"end":{"line":131,"column":1}},"line":126},"8":{"name":"markBloatWarned","decl":{"start":{"line":133,"column":7},"end":{"line":138,"column":1}},"loc":{"start":{"line":133,"column":7},"end":{"line":138,"column":1}},"line":133}},"f":{"0":21,"1":15,"2":5,"3":5,"4":4,"5":2,"6":2,"7":2,"8":1}}
}
